🚀 Iniciando BFT-SMaRt Orderer 3 (Porta 9050)...
[34m2026-04-20 10:50:59.489 -03 0001 INFO[0m [localconfig] [34;1mcompleteInitialization[0m -> General.Cluster.ReplicationPolicy is ``, setting to `consensus`
[34m2026-04-20 10:50:59.489 -03 0002 INFO[0m [orderer.common.server] [34;1mprettyPrintStruct[0m -> Orderer config values:
	General.ListenAddress = "127.0.0.1"
	General.ListenPort = 9050
	General.TLS.Enabled = true
	General.TLS.PrivateKey = "/home/jefferson/doutorado/rede-skeen/crypto-config/ordererOrganizations/example.com/orderers/orderer3.example.com/tls/server.key"
	General.TLS.Certificate = "/home/jefferson/doutorado/rede-skeen/crypto-config/ordererOrganizations/example.com/orderers/orderer3.example.com/tls/server.crt"
	General.TLS.RootCAs = [/home/jefferson/doutorado/rede-skeen/crypto-config/ordererOrganizations/example.com/orderers/orderer3.example.com/tls/ca.crt]
	General.TLS.ClientAuthRequired = false
	General.TLS.ClientRootCAs = []
	General.TLS.TLSHandshakeTimeShift = 0s
	General.Cluster.ListenAddress = ""
	General.Cluster.ListenPort = 0
	General.Cluster.ServerCertificate = ""
	General.Cluster.ServerPrivateKey = ""
	General.Cluster.ClientCertificate = ""
	General.Cluster.ClientPrivateKey = ""
	General.Cluster.RootCAs = []
	General.Cluster.DialTimeout = 5s
	General.Cluster.RPCTimeout = 7s
	General.Cluster.ReplicationBufferSize = 20971520
	General.Cluster.ReplicationPullTimeout = 5s
	General.Cluster.ReplicationRetryTimeout = 5s
	General.Cluster.ReplicationMaxRetries = 12
	General.Cluster.ReplicationPolicy = "consensus"
	General.Cluster.SendBufferSize = 100
	General.Cluster.CertExpirationWarningThreshold = 168h0m0s
	General.Cluster.TLSHandshakeTimeShift = 0s
	General.Keepalive.ServerMinInterval = 1m0s
	General.Keepalive.ServerInterval = 2h0m0s
	General.Keepalive.ServerTimeout = 20s
	General.Backoff.BaseDelay = 1s
	General.Backoff.Multiplier = 1.6
	General.Backoff.MaxDelay = 2m0s
	General.ConnectionTimeout = 0s
	General.GenesisMethod = ""
	General.GenesisFile = ""
	General.BootstrapMethod = "none"
	General.BootstrapFile = "/home/jefferson/doutorado/rede-skeen"
	General.Profile.Enabled = false
	General.Profile.Address = "0.0.0.0:6060"
	General.LocalMSPDir = "/home/jefferson/doutorado/rede-skeen/crypto-config/ordererOrganizations/example.com/orderers/orderer3.example.com/msp"
	General.LocalMSPID = "OrdererMSP"
	General.BCCSP.Default = "SW"
	General.BCCSP.SW.Security = 256
	General.BCCSP.SW.Hash = "SHA2"
	General.BCCSP.SW.FileKeystore.KeyStorePath = ""
	General.Authentication.TimeWindow = 15m0s
	General.Authentication.NoExpirationChecks = false
	General.MaxRecvMsgSize = 104857600
	General.MaxSendMsgSize = 104857600
	General.Throttling.Rate = 0
	General.Throttling.InactivityTimeout = 5s
	FileLedger.Location = "/home/jefferson/doutorado/rede-skeen/ledger/orderer3"
	FileLedger.Prefix = ""
	Debug.BroadcastTraceDir = ""
	Debug.DeliverTraceDir = ""
	Consensus = map[SnapDir:./ledger/snapshot WALDir:./ledger/wal]
	Operations.ListenAddress = "127.0.0.1:8445"
	Operations.TLS.Enabled = false
	Operations.TLS.PrivateKey = ""
	Operations.TLS.Certificate = ""
	Operations.TLS.RootCAs = []
	Operations.TLS.ClientAuthRequired = false
	Operations.TLS.ClientRootCAs = []
	Operations.TLS.TLSHandshakeTimeShift = 0s
	Metrics.Provider = "disabled"
	Metrics.Statsd.Network = "udp"
	Metrics.Statsd.Address = "127.0.0.1:8125"
	Metrics.Statsd.WriteInterval = 30s
	Metrics.Statsd.Prefix = ""
	ChannelParticipation.Enabled = true
	ChannelParticipation.MaxRequestBodySize = 1048576
	Admin.ListenAddress = "127.0.0.1:9445"
	Admin.TLS.Enabled = true
	Admin.TLS.PrivateKey = "/home/jefferson/doutorado/rede-skeen/crypto-config/ordererOrganizations/example.com/orderers/orderer3.example.com/tls/server.key"
	Admin.TLS.Certificate = "/home/jefferson/doutorado/rede-skeen/crypto-config/ordererOrganizations/example.com/orderers/orderer3.example.com/tls/server.crt"
	Admin.TLS.RootCAs = []
	Admin.TLS.ClientAuthRequired = true
	Admin.TLS.ClientRootCAs = [/home/jefferson/doutorado/rede-skeen/crypto-config/ordererOrganizations/example.com/orderers/orderer3.example.com/tls/ca.crt]
	Admin.TLS.TLSHandshakeTimeShift = 0s
[34m2026-04-20 10:50:59.492 -03 0003 INFO[0m [orderer.common.server] [34;1minitializeServerConfig[0m -> Starting orderer with TLS enabled
[34m2026-04-20 10:50:59.508 -03 0004 INFO[0m [blkstorage] [34;1mNewProvider[0m -> Creating new file ledger directory at /home/jefferson/doutorado/rede-skeen/ledger/orderer3/chains
[34m2026-04-20 10:50:59.513 -03 0005 INFO[0m [orderer.common.multichannel] [34;1mInitJoinBlockFileRepo[0m -> Channel Participation API enabled, registrar initializing with file repo /home/jefferson/doutorado/rede-skeen/ledger/orderer3/pendingops
[34m2026-04-20 10:50:59.519 -03 0006 INFO[0m [orderer.common.server] [34;1mMain[0m -> Starting without a system channel
[34m2026-04-20 10:50:59.519 -03 0007 INFO[0m [orderer.common.server] [34;1mMain[0m -> Setting up cluster
[34m2026-04-20 10:50:59.519 -03 0008 INFO[0m [orderer.common.server] [34;1mreuseListener[0m -> Cluster listener is not configured, defaulting to use the general listener on port 9050
[34m2026-04-20 10:50:59.519 -03 0009 INFO[0m [certmonitor] [34;1mtrackCertExpiration[0m -> The enrollment certificate will expire on 2036-04-17 13:46:00 +0000 UTC
[34m2026-04-20 10:50:59.519 -03 000a INFO[0m [certmonitor] [34;1mtrackCertExpiration[0m -> The server TLS certificate will expire on 2036-04-17 13:46:00 +0000 UTC
[34m2026-04-20 10:50:59.519 -03 000b INFO[0m [certmonitor] [34;1mtrackCertExpiration[0m -> The client TLS certificate will expire on 2036-04-17 13:46:00 +0000 UTC
[34m2026-04-20 10:50:59.519 -03 000c INFO[0m [orderer.common.multichannel] [34;1mInitJoinBlockFileRepo[0m -> Channel Participation API enabled, registrar initializing with file repo /home/jefferson/doutorado/rede-skeen/ledger/orderer3/pendingops
[34m2026-04-20 10:50:59.521 -03 000d INFO[0m [orderer.consensus.smartbft] [34;1mNew[0m -> WAL Directory is ./ledger/wal
[34m2026-04-20 10:50:59.521 -03 000e INFO[0m [orderer.common.multichannel] [34;1mstartChannels[0m -> Registrar initializing without a system channel, number of application channels: 0, with 0 consensus.Chain(s) and 0 follower.Chain(s)
[SKEEN NETWORK LAYER] API HTTP rodando na porta: 19050
[34m2026-04-20 10:50:59.522 -03 000f INFO[0m [orderer.common.server] [34;1mMain[0m -> Starting orderer:
 Version: 3.1.4
 Commit SHA: 92bde5204
 Go version: go1.26.1
 OS/Arch: linux/amd64
[34m2026-04-20 10:50:59.522 -03 0010 INFO[0m [orderer.common.server] [34;1mMain[0m -> Beginning to serve requests
[34m2026-04-20 10:51:04.541 -03 0011 INFO[0m [blkstorage] [34;1mnewBlockfileMgr[0m -> Getting block information from block storage
[34m2026-04-20 10:51:04.551 -03 0012 INFO[0m [orderer.consensus.smartbft] [34;1mHandleChain[0m -> Local consenter id is 3
[34m2026-04-20 10:51:04.552 -03 0013 INFO[0m [orderer.consensus.smartbft.chain] [34;1mremoteNodesFromConfigBlock[0m -> canal3 1 ---> -----BEGIN CERTIFICATE-----
MIICHzCCAcWgAwIBAgIRANx7mSqC7UtAJX1U+3T5YK0wCgYIKoZIzj0EAwIwaTEL
MAkGA1UEBhMCVVMxEzARBgNVBAgTCkNhbGlmb3JuaWExFjAUBgNVBAcTDVNhbiBG
cmFuY2lzY28xFDASBgNVBAoTC2V4YW1wbGUuY29tMRcwFQYDVQQDEw5jYS5leGFt
cGxlLmNvbTAeFw0yNjA0MjAxMzQ2MDBaFw0zNjA0MTcxMzQ2MDBaMGoxCzAJBgNV
BAYTAlVTMRMwEQYDVQQIEwpDYWxpZm9ybmlhMRYwFAYDVQQHEw1TYW4gRnJhbmNp
c2NvMRAwDgYDVQQLEwdvcmRlcmVyMRwwGgYDVQQDExNvcmRlcmVyLmV4YW1wbGUu
Y29tMFkwEwYHKoZIzj0CAQYIKoZIzj0DAQcDQgAEL/ZC9OzNzHioXoqvbCpfWPR6
L1yptCVfaFjcqePznZRCbBXuTYnco1sp3YwT047tLjPM8rl3BVItnaXNJebDNaNN
MEswDgYDVR0PAQH/BAQDAgeAMAwGA1UdEwEB/wQCMAAwKwYDVR0jBCQwIoAgleYx
zXLvWyTyLDIZelIW5B1SFYamkXH9tOeSZqqbGXkwCgYIKoZIzj0EAwIDSAAwRQIh
AJ7UQm4XmQrzrgLV3O8/oDJHS2zjZqqx1j+5RIak5U4/AiBq+8XWOZ6vkxL0cuSr
6QNxBkhl0vUdTijUKbnTGCYz2Q==
-----END CERTIFICATE----- channel=canal3
[34m2026-04-20 10:51:04.552 -03 0014 INFO[0m [orderer.consensus.smartbft.chain] [34;1mremoteNodesFromConfigBlock[0m -> canal3 2 ---> -----BEGIN CERTIFICATE-----
MIICHjCCAcWgAwIBAgIQVkfddVoe8eAa2SqcIE6T3zAKBggqhkjOPQQDAjBpMQsw
CQYDVQQGEwJVUzETMBEGA1UECBMKQ2FsaWZvcm5pYTEWMBQGA1UEBxMNU2FuIEZy
YW5jaXNjbzEUMBIGA1UEChMLZXhhbXBsZS5jb20xFzAVBgNVBAMTDmNhLmV4YW1w
bGUuY29tMB4XDTI2MDQyMDEzNDYwMFoXDTM2MDQxNzEzNDYwMFowazELMAkGA1UE
BhMCVVMxEzARBgNVBAgTCkNhbGlmb3JuaWExFjAUBgNVBAcTDVNhbiBGcmFuY2lz
Y28xEDAOBgNVBAsTB29yZGVyZXIxHTAbBgNVBAMTFG9yZGVyZXIyLmV4YW1wbGUu
Y29tMFkwEwYHKoZIzj0CAQYIKoZIzj0DAQcDQgAEdcLUMREzgGOUg5l5PuT+ONWk
NPfvuRzO/XgS5KL7bKsAp/EwC7JR7ssqpqvnwnnN6bfPOztGzxPNioK9Ye8r86NN
MEswDgYDVR0PAQH/BAQDAgeAMAwGA1UdEwEB/wQCMAAwKwYDVR0jBCQwIoAgleYx
zXLvWyTyLDIZelIW5B1SFYamkXH9tOeSZqqbGXkwCgYIKoZIzj0EAwIDRwAwRAIg
dkM4GhqbTE42uMIZF2xD1AqM8NPTvaMGByV1+CNR/6gCICnChe8ciwfQJe79/mvz
eoPMo+zF5+zOPZlg5VmRiFbc
-----END CERTIFICATE----- channel=canal3
[34m2026-04-20 10:51:04.552 -03 0015 INFO[0m [orderer.consensus.smartbft.chain] [34;1mremoteNodesFromConfigBlock[0m -> canal3 3 ---> -----BEGIN CERTIFICATE-----
MIICIDCCAcagAwIBAgIRALy5dN9buEAy8pUXVQKw8hAwCgYIKoZIzj0EAwIwaTEL
MAkGA1UEBhMCVVMxEzARBgNVBAgTCkNhbGlmb3JuaWExFjAUBgNVBAcTDVNhbiBG
cmFuY2lzY28xFDASBgNVBAoTC2V4YW1wbGUuY29tMRcwFQYDVQQDEw5jYS5leGFt
cGxlLmNvbTAeFw0yNjA0MjAxMzQ2MDBaFw0zNjA0MTcxMzQ2MDBaMGsxCzAJBgNV
BAYTAlVTMRMwEQYDVQQIEwpDYWxpZm9ybmlhMRYwFAYDVQQHEw1TYW4gRnJhbmNp
c2NvMRAwDgYDVQQLEwdvcmRlcmVyMR0wGwYDVQQDExRvcmRlcmVyMy5leGFtcGxl
LmNvbTBZMBMGByqGSM49AgEGCCqGSM49AwEHA0IABD/eYxhEhSeEEnuqTlentENY
ZRvTu2XKqKawY1dPjkgo/EJJzM5PSk+URfXJZld5ogZv+zIsjQIMN7B5FoDnPimj
TTBLMA4GA1UdDwEB/wQEAwIHgDAMBgNVHRMBAf8EAjAAMCsGA1UdIwQkMCKAIJXm
Mc1y71sk8iwyGXpSFuQdUhWGppFx/bTnkmaqmxl5MAoGCCqGSM49BAMCA0gAMEUC
IQD/bbOFjf++XaFyY7xrUtTl33J03Wcuq6uB8hlRv4ERIwIgDBDChk44OMV1AvwQ
28K7Ab+9LhgdqEU5PVktmzxZsF8=
-----END CERTIFICATE----- channel=canal3
[34m2026-04-20 10:51:04.552 -03 0016 INFO[0m [orderer.consensus.smartbft.chain] [34;1mremoteNodesFromConfigBlock[0m -> canal3 4 ---> -----BEGIN CERTIFICATE-----
MIICHzCCAcWgAwIBAgIQC4Fesb8bjBdHT/SYo6V+jDAKBggqhkjOPQQDAjBpMQsw
CQYDVQQGEwJVUzETMBEGA1UECBMKQ2FsaWZvcm5pYTEWMBQGA1UEBxMNU2FuIEZy
YW5jaXNjbzEUMBIGA1UEChMLZXhhbXBsZS5jb20xFzAVBgNVBAMTDmNhLmV4YW1w
bGUuY29tMB4XDTI2MDQyMDEzNDYwMFoXDTM2MDQxNzEzNDYwMFowazELMAkGA1UE
BhMCVVMxEzARBgNVBAgTCkNhbGlmb3JuaWExFjAUBgNVBAcTDVNhbiBGcmFuY2lz
Y28xEDAOBgNVBAsTB29yZGVyZXIxHTAbBgNVBAMTFG9yZGVyZXI0LmV4YW1wbGUu
Y29tMFkwEwYHKoZIzj0CAQYIKoZIzj0DAQcDQgAE8I6oM8AOPE38uifg9sM/8wEk
0E2thddy57B0Ij/IUrvbNBuvOT+mDIMF3yebDFgn950herJDbZMKd8Co7pCivaNN
MEswDgYDVR0PAQH/BAQDAgeAMAwGA1UdEwEB/wQCMAAwKwYDVR0jBCQwIoAgleYx
zXLvWyTyLDIZelIW5B1SFYamkXH9tOeSZqqbGXkwCgYIKoZIzj0EAwIDSAAwRQIh
AJyRwRaO4j6DXcb+zU4kLQXP0YBm1e8bOishuSVgbDT6AiADWNRGUwGdVBzc+dEt
84ZbeFvAHY4UuuLjM0M9k0nX5Q==
-----END CERTIFICATE----- channel=canal3
[34m2026-04-20 10:51:04.555 -03 0017 INFO[0m [orderer.consensus.smartbft.chain] [34;1mremoteNodesFromConfigBlock[0m -> canal3 1 ---> -----BEGIN CERTIFICATE-----
MIICHzCCAcWgAwIBAgIRANx7mSqC7UtAJX1U+3T5YK0wCgYIKoZIzj0EAwIwaTEL
MAkGA1UEBhMCVVMxEzARBgNVBAgTCkNhbGlmb3JuaWExFjAUBgNVBAcTDVNhbiBG
cmFuY2lzY28xFDASBgNVBAoTC2V4YW1wbGUuY29tMRcwFQYDVQQDEw5jYS5leGFt
cGxlLmNvbTAeFw0yNjA0MjAxMzQ2MDBaFw0zNjA0MTcxMzQ2MDBaMGoxCzAJBgNV
BAYTAlVTMRMwEQYDVQQIEwpDYWxpZm9ybmlhMRYwFAYDVQQHEw1TYW4gRnJhbmNp
c2NvMRAwDgYDVQQLEwdvcmRlcmVyMRwwGgYDVQQDExNvcmRlcmVyLmV4YW1wbGUu
Y29tMFkwEwYHKoZIzj0CAQYIKoZIzj0DAQcDQgAEL/ZC9OzNzHioXoqvbCpfWPR6
L1yptCVfaFjcqePznZRCbBXuTYnco1sp3YwT047tLjPM8rl3BVItnaXNJebDNaNN
MEswDgYDVR0PAQH/BAQDAgeAMAwGA1UdEwEB/wQCMAAwKwYDVR0jBCQwIoAgleYx
zXLvWyTyLDIZelIW5B1SFYamkXH9tOeSZqqbGXkwCgYIKoZIzj0EAwIDSAAwRQIh
AJ7UQm4XmQrzrgLV3O8/oDJHS2zjZqqx1j+5RIak5U4/AiBq+8XWOZ6vkxL0cuSr
6QNxBkhl0vUdTijUKbnTGCYz2Q==
-----END CERTIFICATE----- channel=canal3
[34m2026-04-20 10:51:04.555 -03 0018 INFO[0m [orderer.consensus.smartbft.chain] [34;1mremoteNodesFromConfigBlock[0m -> canal3 2 ---> -----BEGIN CERTIFICATE-----
MIICHjCCAcWgAwIBAgIQVkfddVoe8eAa2SqcIE6T3zAKBggqhkjOPQQDAjBpMQsw
CQYDVQQGEwJVUzETMBEGA1UECBMKQ2FsaWZvcm5pYTEWMBQGA1UEBxMNU2FuIEZy
YW5jaXNjbzEUMBIGA1UEChMLZXhhbXBsZS5jb20xFzAVBgNVBAMTDmNhLmV4YW1w
bGUuY29tMB4XDTI2MDQyMDEzNDYwMFoXDTM2MDQxNzEzNDYwMFowazELMAkGA1UE
BhMCVVMxEzARBgNVBAgTCkNhbGlmb3JuaWExFjAUBgNVBAcTDVNhbiBGcmFuY2lz
Y28xEDAOBgNVBAsTB29yZGVyZXIxHTAbBgNVBAMTFG9yZGVyZXIyLmV4YW1wbGUu
Y29tMFkwEwYHKoZIzj0CAQYIKoZIzj0DAQcDQgAEdcLUMREzgGOUg5l5PuT+ONWk
NPfvuRzO/XgS5KL7bKsAp/EwC7JR7ssqpqvnwnnN6bfPOztGzxPNioK9Ye8r86NN
MEswDgYDVR0PAQH/BAQDAgeAMAwGA1UdEwEB/wQCMAAwKwYDVR0jBCQwIoAgleYx
zXLvWyTyLDIZelIW5B1SFYamkXH9tOeSZqqbGXkwCgYIKoZIzj0EAwIDRwAwRAIg
dkM4GhqbTE42uMIZF2xD1AqM8NPTvaMGByV1+CNR/6gCICnChe8ciwfQJe79/mvz
eoPMo+zF5+zOPZlg5VmRiFbc
-----END CERTIFICATE----- channel=canal3
[34m2026-04-20 10:51:04.555 -03 0019 INFO[0m [orderer.consensus.smartbft.chain] [34;1mremoteNodesFromConfigBlock[0m -> canal3 3 ---> -----BEGIN CERTIFICATE-----
MIICIDCCAcagAwIBAgIRALy5dN9buEAy8pUXVQKw8hAwCgYIKoZIzj0EAwIwaTEL
MAkGA1UEBhMCVVMxEzARBgNVBAgTCkNhbGlmb3JuaWExFjAUBgNVBAcTDVNhbiBG
cmFuY2lzY28xFDASBgNVBAoTC2V4YW1wbGUuY29tMRcwFQYDVQQDEw5jYS5leGFt
cGxlLmNvbTAeFw0yNjA0MjAxMzQ2MDBaFw0zNjA0MTcxMzQ2MDBaMGsxCzAJBgNV
BAYTAlVTMRMwEQYDVQQIEwpDYWxpZm9ybmlhMRYwFAYDVQQHEw1TYW4gRnJhbmNp
c2NvMRAwDgYDVQQLEwdvcmRlcmVyMR0wGwYDVQQDExRvcmRlcmVyMy5leGFtcGxl
LmNvbTBZMBMGByqGSM49AgEGCCqGSM49AwEHA0IABD/eYxhEhSeEEnuqTlentENY
ZRvTu2XKqKawY1dPjkgo/EJJzM5PSk+URfXJZld5ogZv+zIsjQIMN7B5FoDnPimj
TTBLMA4GA1UdDwEB/wQEAwIHgDAMBgNVHRMBAf8EAjAAMCsGA1UdIwQkMCKAIJXm
Mc1y71sk8iwyGXpSFuQdUhWGppFx/bTnkmaqmxl5MAoGCCqGSM49BAMCA0gAMEUC
IQD/bbOFjf++XaFyY7xrUtTl33J03Wcuq6uB8hlRv4ERIwIgDBDChk44OMV1AvwQ
28K7Ab+9LhgdqEU5PVktmzxZsF8=
-----END CERTIFICATE----- channel=canal3
[34m2026-04-20 10:51:04.555 -03 001a INFO[0m [orderer.consensus.smartbft.chain] [34;1mremoteNodesFromConfigBlock[0m -> canal3 4 ---> -----BEGIN CERTIFICATE-----
MIICHzCCAcWgAwIBAgIQC4Fesb8bjBdHT/SYo6V+jDAKBggqhkjOPQQDAjBpMQsw
CQYDVQQGEwJVUzETMBEGA1UECBMKQ2FsaWZvcm5pYTEWMBQGA1UEBxMNU2FuIEZy
YW5jaXNjbzEUMBIGA1UEChMLZXhhbXBsZS5jb20xFzAVBgNVBAMTDmNhLmV4YW1w
bGUuY29tMB4XDTI2MDQyMDEzNDYwMFoXDTM2MDQxNzEzNDYwMFowazELMAkGA1UE
BhMCVVMxEzARBgNVBAgTCkNhbGlmb3JuaWExFjAUBgNVBAcTDVNhbiBGcmFuY2lz
Y28xEDAOBgNVBAsTB29yZGVyZXIxHTAbBgNVBAMTFG9yZGVyZXI0LmV4YW1wbGUu
Y29tMFkwEwYHKoZIzj0CAQYIKoZIzj0DAQcDQgAE8I6oM8AOPE38uifg9sM/8wEk
0E2thddy57B0Ij/IUrvbNBuvOT+mDIMF3yebDFgn950herJDbZMKd8Co7pCivaNN
MEswDgYDVR0PAQH/BAQDAgeAMAwGA1UdEwEB/wQCMAAwKwYDVR0jBCQwIoAgleYx
zXLvWyTyLDIZelIW5B1SFYamkXH9tOeSZqqbGXkwCgYIKoZIzj0EAwIDSAAwRQIh
AJyRwRaO4j6DXcb+zU4kLQXP0YBm1e8bOishuSVgbDT6AiADWNRGUwGdVBzc+dEt
84ZbeFvAHY4UuuLjM0M9k0nX5Q==
-----END CERTIFICATE----- channel=canal3
[34m2026-04-20 10:51:04.556 -03 001b INFO[0m [orderer.consensus.smartbft.chain] [34;1mbftSmartConsensusBuild[0m -> Initializing a WAL for chain canal3, on dir: ledger/wal/canal3 channel=canal3
[34m2026-04-20 10:51:04.556 -03 001c INFO[0m [orderer.consensus.smartbft.chain] [34;1mInitializeAndReadAll[0m -> Trying to creating a Write-Ahead-Log at dir: ledger/wal/canal3 channel=canal3
[34m2026-04-20 10:51:04.559 -03 001d INFO[0m [orderer.consensus.smartbft.chain] [34;1mCreate[0m -> Write-Ahead-Log created successfully, mode: WRITE, dir: ledger/wal/canal3 channel=canal3
[34m2026-04-20 10:51:04.559 -03 001e INFO[0m [orderer.consensus.smartbft.chain] [34;1mInitializeAndReadAll[0m -> Write-Ahead-Log initialized successfully, initial state contains 0 entries channel=canal3
[34m2026-04-20 10:51:04.559 -03 001f INFO[0m [orderer.common.cluster] [34;1mConfigure[0m -> Configuring communication module for Channel: canal3 with nodes:[ID: 1,
Endpoint: 127.0.0.1:7050,
ServerTLSCert:-----BEGIN CERTIFICATE-----
MIICajCCAhGgAwIBAgIRAJsWdrmOp3PuzoCLyK5hH/4wCgYIKoZIzj0EAwIwbDEL
MAkGA1UEBhMCVVMxEzARBgNVBAgTCkNhbGlmb3JuaWExFjAUBgNVBAcTDVNhbiBG
cmFuY2lzY28xFDASBgNVBAoTC2V4YW1wbGUuY29tMRowGAYDVQQDExF0bHNjYS5l
eGFtcGxlLmNvbTAeFw0yNjA0MjAxMzQ2MDBaFw0zNjA0MTcxMzQ2MDBaMFgxCzAJ
BgNVBAYTAlVTMRMwEQYDVQQIEwpDYWxpZm9ybmlhMRYwFAYDVQQHEw1TYW4gRnJh
bmNpc2NvMRwwGgYDVQQDExNvcmRlcmVyLmV4YW1wbGUuY29tMFkwEwYHKoZIzj0C
AQYIKoZIzj0DAQcDQgAE8/vR5Vi6XQLf8dKrERfufZ/yFBgToJpCkhoRYeK4VaH0
jU0/UHUi9dfNVnHyeNWEr+Q5yyLPLa5Yd40Z7C4UP6OBpzCBpDAOBgNVHQ8BAf8E
BAMCBaAwHQYDVR0lBBYwFAYIKwYBBQUHAwEGCCsGAQUFBwMCMAwGA1UdEwEB/wQC
MAAwKwYDVR0jBCQwIoAga8vrE6tQTt+HOcAcpd21Ibia+IPVO7gs0RWEbRZKEcIw
OAYDVR0RBDEwL4ITb3JkZXJlci5leGFtcGxlLmNvbYIHb3JkZXJlcoIJbG9jYWxo
b3N0hwR/AAABMAoGCCqGSM49BAMCA0cAMEQCIFpfIqdTYQB5HDnVkXNVIHxww76U
utJafUJFdvqhuq2yAiBUB2xuYsBTWOx7yYeB7E0DilzZwHAr7sO8kk51xX2gdQ==
-----END CERTIFICATE-----
,
ClientTLSCert:-----BEGIN CERTIFICATE-----
MIICajCCAhGgAwIBAgIRAJsWdrmOp3PuzoCLyK5hH/4wCgYIKoZIzj0EAwIwbDEL
MAkGA1UEBhMCVVMxEzARBgNVBAgTCkNhbGlmb3JuaWExFjAUBgNVBAcTDVNhbiBG
cmFuY2lzY28xFDASBgNVBAoTC2V4YW1wbGUuY29tMRowGAYDVQQDExF0bHNjYS5l
eGFtcGxlLmNvbTAeFw0yNjA0MjAxMzQ2MDBaFw0zNjA0MTcxMzQ2MDBaMFgxCzAJ
BgNVBAYTAlVTMRMwEQYDVQQIEwpDYWxpZm9ybmlhMRYwFAYDVQQHEw1TYW4gRnJh
bmNpc2NvMRwwGgYDVQQDExNvcmRlcmVyLmV4YW1wbGUuY29tMFkwEwYHKoZIzj0C
AQYIKoZIzj0DAQcDQgAE8/vR5Vi6XQLf8dKrERfufZ/yFBgToJpCkhoRYeK4VaH0
jU0/UHUi9dfNVnHyeNWEr+Q5yyLPLa5Yd40Z7C4UP6OBpzCBpDAOBgNVHQ8BAf8E
BAMCBaAwHQYDVR0lBBYwFAYIKwYBBQUHAwEGCCsGAQUFBwMCMAwGA1UdEwEB/wQC
MAAwKwYDVR0jBCQwIoAga8vrE6tQTt+HOcAcpd21Ibia+IPVO7gs0RWEbRZKEcIw
OAYDVR0RBDEwL4ITb3JkZXJlci5leGFtcGxlLmNvbYIHb3JkZXJlcoIJbG9jYWxo
b3N0hwR/AAABMAoGCCqGSM49BAMCA0cAMEQCIFpfIqdTYQB5HDnVkXNVIHxww76U
utJafUJFdvqhuq2yAiBUB2xuYsBTWOx7yYeB7E0DilzZwHAr7sO8kk51xX2gdQ==
-----END CERTIFICATE-----
, ServerRootCA: [-----BEGIN CERTIFICATE-----
MIICQzCCAeqgAwIBAgIRAPr9HTjnqO2rXzwkzfjZVOUwCgYIKoZIzj0EAwIwbDEL
MAkGA1UEBhMCVVMxEzARBgNVBAgTCkNhbGlmb3JuaWExFjAUBgNVBAcTDVNhbiBG
cmFuY2lzY28xFDASBgNVBAoTC2V4YW1wbGUuY29tMRowGAYDVQQDExF0bHNjYS5l
eGFtcGxlLmNvbTAeFw0yNjA0MjAxMzQ2MDBaFw0zNjA0MTcxMzQ2MDBaMGwxCzAJ
BgNVBAYTAlVTMRMwEQYDVQQIEwpDYWxpZm9ybmlhMRYwFAYDVQQHEw1TYW4gRnJh
bmNpc2NvMRQwEgYDVQQKEwtleGFtcGxlLmNvbTEaMBgGA1UEAxMRdGxzY2EuZXhh
bXBsZS5jb20wWTATBgcqhkjOPQIBBggqhkjOPQMBBwNCAARVTalb3XKFHHzIKPvU
7RFAojAhvkZjTMcgw034qMZ4yx+BRPrhR/oVHe0I4mAlX/tSUjpoZdBlNv3C2tai
s6nto20wazAOBgNVHQ8BAf8EBAMCAaYwHQYDVR0lBBYwFAYIKwYBBQUHAwIGCCsG
AQUFBwMBMA8GA1UdEwEB/wQFMAMBAf8wKQYDVR0OBCIEIGvL6xOrUE7fhznAHKXd
tSG4mviD1Tu4LNEVhG0WShHCMAoGCCqGSM49BAMCA0cAMEQCIB/76zHRkDcsV7mB
OUlHoQDB2AymSPgm46CNINhETZq2AiA2VyqRfGAfXF0C9fqxJpPWYLQTRKWZNWSf
AQLtnpCY4Q==
-----END CERTIFICATE-----
] ID: 2,
Endpoint: 127.0.0.1:8050,
ServerTLSCert:-----BEGIN CERTIFICATE-----
MIICbjCCAhSgAwIBAgIRAKOebzul0+Nli7sCZdtGA00wCgYIKoZIzj0EAwIwbDEL
MAkGA1UEBhMCVVMxEzARBgNVBAgTCkNhbGlmb3JuaWExFjAUBgNVBAcTDVNhbiBG
cmFuY2lzY28xFDASBgNVBAoTC2V4YW1wbGUuY29tMRowGAYDVQQDExF0bHNjYS5l
eGFtcGxlLmNvbTAeFw0yNjA0MjAxMzQ2MDBaFw0zNjA0MTcxMzQ2MDBaMFkxCzAJ
BgNVBAYTAlVTMRMwEQYDVQQIEwpDYWxpZm9ybmlhMRYwFAYDVQQHEw1TYW4gRnJh
bmNpc2NvMR0wGwYDVQQDExRvcmRlcmVyMi5leGFtcGxlLmNvbTBZMBMGByqGSM49
AgEGCCqGSM49AwEHA0IABC2anLKQBnaMIAnCS0ir5/KiUh2KLrsKCq2paTQBguHZ
rSnOwHQl801tjKBiHuDMkjVJfYJrNKtijmWDx/HtfxqjgakwgaYwDgYDVR0PAQH/
BAQDAgWgMB0GA1UdJQQWMBQGCCsGAQUFBwMBBggrBgEFBQcDAjAMBgNVHRMBAf8E
AjAAMCsGA1UdIwQkMCKAIGvL6xOrUE7fhznAHKXdtSG4mviD1Tu4LNEVhG0WShHC
MDoGA1UdEQQzMDGCFG9yZGVyZXIyLmV4YW1wbGUuY29tgghvcmRlcmVyMoIJbG9j
YWxob3N0hwR/AAABMAoGCCqGSM49BAMCA0gAMEUCIQCv5eB4S/0cu7I8kc9UTC3H
vNu62UiC+SKCgsUsAcdoRAIgAT4TNpSNKVA+sEWoI2iobCFlM5Yec5t20mMRzezX
bWw=
-----END CERTIFICATE-----
,
ClientTLSCert:-----BEGIN CERTIFICATE-----
MIICbjCCAhSgAwIBAgIRAKOebzul0+Nli7sCZdtGA00wCgYIKoZIzj0EAwIwbDEL
MAkGA1UEBhMCVVMxEzARBgNVBAgTCkNhbGlmb3JuaWExFjAUBgNVBAcTDVNhbiBG
cmFuY2lzY28xFDASBgNVBAoTC2V4YW1wbGUuY29tMRowGAYDVQQDExF0bHNjYS5l
eGFtcGxlLmNvbTAeFw0yNjA0MjAxMzQ2MDBaFw0zNjA0MTcxMzQ2MDBaMFkxCzAJ
BgNVBAYTAlVTMRMwEQYDVQQIEwpDYWxpZm9ybmlhMRYwFAYDVQQHEw1TYW4gRnJh
bmNpc2NvMR0wGwYDVQQDExRvcmRlcmVyMi5leGFtcGxlLmNvbTBZMBMGByqGSM49
AgEGCCqGSM49AwEHA0IABC2anLKQBnaMIAnCS0ir5/KiUh2KLrsKCq2paTQBguHZ
rSnOwHQl801tjKBiHuDMkjVJfYJrNKtijmWDx/HtfxqjgakwgaYwDgYDVR0PAQH/
BAQDAgWgMB0GA1UdJQQWMBQGCCsGAQUFBwMBBggrBgEFBQcDAjAMBgNVHRMBAf8E
AjAAMCsGA1UdIwQkMCKAIGvL6xOrUE7fhznAHKXdtSG4mviD1Tu4LNEVhG0WShHC
MDoGA1UdEQQzMDGCFG9yZGVyZXIyLmV4YW1wbGUuY29tgghvcmRlcmVyMoIJbG9j
YWxob3N0hwR/AAABMAoGCCqGSM49BAMCA0gAMEUCIQCv5eB4S/0cu7I8kc9UTC3H
vNu62UiC+SKCgsUsAcdoRAIgAT4TNpSNKVA+sEWoI2iobCFlM5Yec5t20mMRzezX
bWw=
-----END CERTIFICATE-----
, ServerRootCA: [-----BEGIN CERTIFICATE-----
MIICQzCCAeqgAwIBAgIRAPr9HTjnqO2rXzwkzfjZVOUwCgYIKoZIzj0EAwIwbDEL
MAkGA1UEBhMCVVMxEzARBgNVBAgTCkNhbGlmb3JuaWExFjAUBgNVBAcTDVNhbiBG
cmFuY2lzY28xFDASBgNVBAoTC2V4YW1wbGUuY29tMRowGAYDVQQDExF0bHNjYS5l
eGFtcGxlLmNvbTAeFw0yNjA0MjAxMzQ2MDBaFw0zNjA0MTcxMzQ2MDBaMGwxCzAJ
BgNVBAYTAlVTMRMwEQYDVQQIEwpDYWxpZm9ybmlhMRYwFAYDVQQHEw1TYW4gRnJh
bmNpc2NvMRQwEgYDVQQKEwtleGFtcGxlLmNvbTEaMBgGA1UEAxMRdGxzY2EuZXhh
bXBsZS5jb20wWTATBgcqhkjOPQIBBggqhkjOPQMBBwNCAARVTalb3XKFHHzIKPvU
7RFAojAhvkZjTMcgw034qMZ4yx+BRPrhR/oVHe0I4mAlX/tSUjpoZdBlNv3C2tai
s6nto20wazAOBgNVHQ8BAf8EBAMCAaYwHQYDVR0lBBYwFAYIKwYBBQUHAwIGCCsG
AQUFBwMBMA8GA1UdEwEB/wQFMAMBAf8wKQYDVR0OBCIEIGvL6xOrUE7fhznAHKXd
tSG4mviD1Tu4LNEVhG0WShHCMAoGCCqGSM49BAMCA0cAMEQCIB/76zHRkDcsV7mB
OUlHoQDB2AymSPgm46CNINhETZq2AiA2VyqRfGAfXF0C9fqxJpPWYLQTRKWZNWSf
AQLtnpCY4Q==
-----END CERTIFICATE-----
] ID: 3,
Endpoint: 127.0.0.1:9050,
ServerTLSCert:-----BEGIN CERTIFICATE-----
MIICbTCCAhSgAwIBAgIRAORP+N9sCtJJmOaS8Qjla7UwCgYIKoZIzj0EAwIwbDEL
MAkGA1UEBhMCVVMxEzARBgNVBAgTCkNhbGlmb3JuaWExFjAUBgNVBAcTDVNhbiBG
cmFuY2lzY28xFDASBgNVBAoTC2V4YW1wbGUuY29tMRowGAYDVQQDExF0bHNjYS5l
eGFtcGxlLmNvbTAeFw0yNjA0MjAxMzQ2MDBaFw0zNjA0MTcxMzQ2MDBaMFkxCzAJ
BgNVBAYTAlVTMRMwEQYDVQQIEwpDYWxpZm9ybmlhMRYwFAYDVQQHEw1TYW4gRnJh
bmNpc2NvMR0wGwYDVQQDExRvcmRlcmVyMy5leGFtcGxlLmNvbTBZMBMGByqGSM49
AgEGCCqGSM49AwEHA0IABKTwQGj8ZPQQR3N/sq2uyU5Uz4ggw+9BQHHHBkzVaZhD
NJmPaZOAnlwa9XBPjG+rqFrG963ahEUSGu2AZLU2xyyjgakwgaYwDgYDVR0PAQH/
BAQDAgWgMB0GA1UdJQQWMBQGCCsGAQUFBwMBBggrBgEFBQcDAjAMBgNVHRMBAf8E
AjAAMCsGA1UdIwQkMCKAIGvL6xOrUE7fhznAHKXdtSG4mviD1Tu4LNEVhG0WShHC
MDoGA1UdEQQzMDGCFG9yZGVyZXIzLmV4YW1wbGUuY29tgghvcmRlcmVyM4IJbG9j
YWxob3N0hwR/AAABMAoGCCqGSM49BAMCA0cAMEQCIDdGbAI5VQRf66DmTEoehH2G
J8H7UncHSj9uuKCspDReAiBYNsCdAPTsJKkuBYE61Riusws+VqlQaXuKVMPI7Zw7
jA==
-----END CERTIFICATE-----
,
ClientTLSCert:-----BEGIN CERTIFICATE-----
MIICbTCCAhSgAwIBAgIRAORP+N9sCtJJmOaS8Qjla7UwCgYIKoZIzj0EAwIwbDEL
MAkGA1UEBhMCVVMxEzARBgNVBAgTCkNhbGlmb3JuaWExFjAUBgNVBAcTDVNhbiBG
cmFuY2lzY28xFDASBgNVBAoTC2V4YW1wbGUuY29tMRowGAYDVQQDExF0bHNjYS5l
eGFtcGxlLmNvbTAeFw0yNjA0MjAxMzQ2MDBaFw0zNjA0MTcxMzQ2MDBaMFkxCzAJ
BgNVBAYTAlVTMRMwEQYDVQQIEwpDYWxpZm9ybmlhMRYwFAYDVQQHEw1TYW4gRnJh
bmNpc2NvMR0wGwYDVQQDExRvcmRlcmVyMy5leGFtcGxlLmNvbTBZMBMGByqGSM49
AgEGCCqGSM49AwEHA0IABKTwQGj8ZPQQR3N/sq2uyU5Uz4ggw+9BQHHHBkzVaZhD
NJmPaZOAnlwa9XBPjG+rqFrG963ahEUSGu2AZLU2xyyjgakwgaYwDgYDVR0PAQH/
BAQDAgWgMB0GA1UdJQQWMBQGCCsGAQUFBwMBBggrBgEFBQcDAjAMBgNVHRMBAf8E
AjAAMCsGA1UdIwQkMCKAIGvL6xOrUE7fhznAHKXdtSG4mviD1Tu4LNEVhG0WShHC
MDoGA1UdEQQzMDGCFG9yZGVyZXIzLmV4YW1wbGUuY29tgghvcmRlcmVyM4IJbG9j
YWxob3N0hwR/AAABMAoGCCqGSM49BAMCA0cAMEQCIDdGbAI5VQRf66DmTEoehH2G
J8H7UncHSj9uuKCspDReAiBYNsCdAPTsJKkuBYE61Riusws+VqlQaXuKVMPI7Zw7
jA==
-----END CERTIFICATE-----
, ServerRootCA: [-----BEGIN CERTIFICATE-----
MIICQzCCAeqgAwIBAgIRAPr9HTjnqO2rXzwkzfjZVOUwCgYIKoZIzj0EAwIwbDEL
MAkGA1UEBhMCVVMxEzARBgNVBAgTCkNhbGlmb3JuaWExFjAUBgNVBAcTDVNhbiBG
cmFuY2lzY28xFDASBgNVBAoTC2V4YW1wbGUuY29tMRowGAYDVQQDExF0bHNjYS5l
eGFtcGxlLmNvbTAeFw0yNjA0MjAxMzQ2MDBaFw0zNjA0MTcxMzQ2MDBaMGwxCzAJ
BgNVBAYTAlVTMRMwEQYDVQQIEwpDYWxpZm9ybmlhMRYwFAYDVQQHEw1TYW4gRnJh
bmNpc2NvMRQwEgYDVQQKEwtleGFtcGxlLmNvbTEaMBgGA1UEAxMRdGxzY2EuZXhh
bXBsZS5jb20wWTATBgcqhkjOPQIBBggqhkjOPQMBBwNCAARVTalb3XKFHHzIKPvU
7RFAojAhvkZjTMcgw034qMZ4yx+BRPrhR/oVHe0I4mAlX/tSUjpoZdBlNv3C2tai
s6nto20wazAOBgNVHQ8BAf8EBAMCAaYwHQYDVR0lBBYwFAYIKwYBBQUHAwIGCCsG
AQUFBwMBMA8GA1UdEwEB/wQFMAMBAf8wKQYDVR0OBCIEIGvL6xOrUE7fhznAHKXd
tSG4mviD1Tu4LNEVhG0WShHCMAoGCCqGSM49BAMCA0cAMEQCIB/76zHRkDcsV7mB
OUlHoQDB2AymSPgm46CNINhETZq2AiA2VyqRfGAfXF0C9fqxJpPWYLQTRKWZNWSf
AQLtnpCY4Q==
-----END CERTIFICATE-----
] ID: 4,
Endpoint: 127.0.0.1:10050,
ServerTLSCert:-----BEGIN CERTIFICATE-----
MIICbTCCAhSgAwIBAgIRAOLHYLsJg01RNtsBrYeSO+owCgYIKoZIzj0EAwIwbDEL
MAkGA1UEBhMCVVMxEzARBgNVBAgTCkNhbGlmb3JuaWExFjAUBgNVBAcTDVNhbiBG
cmFuY2lzY28xFDASBgNVBAoTC2V4YW1wbGUuY29tMRowGAYDVQQDExF0bHNjYS5l
eGFtcGxlLmNvbTAeFw0yNjA0MjAxMzQ2MDBaFw0zNjA0MTcxMzQ2MDBaMFkxCzAJ
BgNVBAYTAlVTMRMwEQYDVQQIEwpDYWxpZm9ybmlhMRYwFAYDVQQHEw1TYW4gRnJh
bmNpc2NvMR0wGwYDVQQDExRvcmRlcmVyNC5leGFtcGxlLmNvbTBZMBMGByqGSM49
AgEGCCqGSM49AwEHA0IABIEKPZASVChS8WViDLOPvN1YGChSWrN2fitpW7j+yHla
taPaPF7VOO2rptbJqI0Y1M5F/x5f62qrUh2SspcPnwGjgakwgaYwDgYDVR0PAQH/
BAQDAgWgMB0GA1UdJQQWMBQGCCsGAQUFBwMBBggrBgEFBQcDAjAMBgNVHRMBAf8E
AjAAMCsGA1UdIwQkMCKAIGvL6xOrUE7fhznAHKXdtSG4mviD1Tu4LNEVhG0WShHC
MDoGA1UdEQQzMDGCFG9yZGVyZXI0LmV4YW1wbGUuY29tgghvcmRlcmVyNIIJbG9j
YWxob3N0hwR/AAABMAoGCCqGSM49BAMCA0cAMEQCIDe0wVr4MHpfFVvmBo1kV48C
dSnqkOCWQZT7IVSXhnMpAiA5T6f35ZCbi4lw2bk1AvMLPf7/NqJoQ89ZIxZn+MsB
vQ==
-----END CERTIFICATE-----
,
ClientTLSCert:-----BEGIN CERTIFICATE-----
MIICbTCCAhSgAwIBAgIRAOLHYLsJg01RNtsBrYeSO+owCgYIKoZIzj0EAwIwbDEL
MAkGA1UEBhMCVVMxEzARBgNVBAgTCkNhbGlmb3JuaWExFjAUBgNVBAcTDVNhbiBG
cmFuY2lzY28xFDASBgNVBAoTC2V4YW1wbGUuY29tMRowGAYDVQQDExF0bHNjYS5l
eGFtcGxlLmNvbTAeFw0yNjA0MjAxMzQ2MDBaFw0zNjA0MTcxMzQ2MDBaMFkxCzAJ
BgNVBAYTAlVTMRMwEQYDVQQIEwpDYWxpZm9ybmlhMRYwFAYDVQQHEw1TYW4gRnJh
bmNpc2NvMR0wGwYDVQQDExRvcmRlcmVyNC5leGFtcGxlLmNvbTBZMBMGByqGSM49
AgEGCCqGSM49AwEHA0IABIEKPZASVChS8WViDLOPvN1YGChSWrN2fitpW7j+yHla
taPaPF7VOO2rptbJqI0Y1M5F/x5f62qrUh2SspcPnwGjgakwgaYwDgYDVR0PAQH/
BAQDAgWgMB0GA1UdJQQWMBQGCCsGAQUFBwMBBggrBgEFBQcDAjAMBgNVHRMBAf8E
AjAAMCsGA1UdIwQkMCKAIGvL6xOrUE7fhznAHKXdtSG4mviD1Tu4LNEVhG0WShHC
MDoGA1UdEQQzMDGCFG9yZGVyZXI0LmV4YW1wbGUuY29tgghvcmRlcmVyNIIJbG9j
YWxob3N0hwR/AAABMAoGCCqGSM49BAMCA0cAMEQCIDe0wVr4MHpfFVvmBo1kV48C
dSnqkOCWQZT7IVSXhnMpAiA5T6f35ZCbi4lw2bk1AvMLPf7/NqJoQ89ZIxZn+MsB
vQ==
-----END CERTIFICATE-----
, ServerRootCA: [-----BEGIN CERTIFICATE-----
MIICQzCCAeqgAwIBAgIRAPr9HTjnqO2rXzwkzfjZVOUwCgYIKoZIzj0EAwIwbDEL
MAkGA1UEBhMCVVMxEzARBgNVBAgTCkNhbGlmb3JuaWExFjAUBgNVBAcTDVNhbiBG
cmFuY2lzY28xFDASBgNVBAoTC2V4YW1wbGUuY29tMRowGAYDVQQDExF0bHNjYS5l
eGFtcGxlLmNvbTAeFw0yNjA0MjAxMzQ2MDBaFw0zNjA0MTcxMzQ2MDBaMGwxCzAJ
BgNVBAYTAlVTMRMwEQYDVQQIEwpDYWxpZm9ybmlhMRYwFAYDVQQHEw1TYW4gRnJh
bmNpc2NvMRQwEgYDVQQKEwtleGFtcGxlLmNvbTEaMBgGA1UEAxMRdGxzY2EuZXhh
bXBsZS5jb20wWTATBgcqhkjOPQIBBggqhkjOPQMBBwNCAARVTalb3XKFHHzIKPvU
7RFAojAhvkZjTMcgw034qMZ4yx+BRPrhR/oVHe0I4mAlX/tSUjpoZdBlNv3C2tai
s6nto20wazAOBgNVHQ8BAf8EBAMCAaYwHQYDVR0lBBYwFAYIKwYBBQUHAwIGCCsG
AQUFBwMBMA8GA1UdEwEB/wQFMAMBAf8wKQYDVR0OBCIEIGvL6xOrUE7fhznAHKXd
tSG4mviD1Tu4LNEVhG0WShHCMAoGCCqGSM49BAMCA0cAMEQCIB/76zHRkDcsV7mB
OUlHoQDB2AymSPgm46CNINhETZq2AiA2VyqRfGAfXF0C9fqxJpPWYLQTRKWZNWSf
AQLtnpCY4Q==
-----END CERTIFICATE-----
]]
[34m2026-04-20 10:51:04.559 -03 0020 INFO[0m [orderer.common.cluster] [34;1mupdateStubInMapping[0m -> Allocating a new stub for node 1 with endpoint 127.0.0.1:7050 for channel canal3
[34m2026-04-20 10:51:04.560 -03 0021 INFO[0m [orderer.common.cluster] [34;1mupdateStubInMapping[0m -> Allocating a new stub for node 2 with endpoint 127.0.0.1:8050 for channel canal3
[34m2026-04-20 10:51:04.560 -03 0022 INFO[0m [orderer.common.cluster] [34;1mupdateStubInMapping[0m -> Allocating a new stub for node 3 with endpoint 127.0.0.1:9050 for channel canal3
[34m2026-04-20 10:51:04.561 -03 0023 INFO[0m [orderer.common.cluster] [34;1mupdateStubInMapping[0m -> Allocating a new stub for node 4 with endpoint 127.0.0.1:10050 for channel canal3
[34m2026-04-20 10:51:04.561 -03 0024 INFO[0m [orderer.common.cluster] [34;1mfunc1[0m -> Node with ID 2 exists in new membership of channel canal3
[34m2026-04-20 10:51:04.561 -03 0025 INFO[0m [orderer.common.cluster] [34;1mfunc1[0m -> Node with ID 3 exists in new membership of channel canal3
[34m2026-04-20 10:51:04.561 -03 0026 INFO[0m [orderer.common.cluster] [34;1mfunc1[0m -> Node with ID 4 exists in new membership of channel canal3
[34m2026-04-20 10:51:04.561 -03 0027 INFO[0m [orderer.common.cluster] [34;1mfunc1[0m -> Node with ID 1 exists in new membership of channel canal3
[34m2026-04-20 10:51:04.561 -03 0028 INFO[0m [orderer.consensus.smartbft.chain] [34;1mNewChain[0m -> SmartBFT-v3 is now servicing chain channel=canal3
[34m2026-04-20 10:51:04.561 -03 0029 INFO[0m [orderer.common.cluster] [34;1mConfigureNodeCerts[0m -> Updating nodes identity, channel: canal3, nodes: [id:1 host:"127.0.0.1" port:7050 msp_id:"OrdererMSP" identity:"-----BEGIN CERTIFICATE-----\nMIICHzCCAcWgAwIBAgIRANx7mSqC7UtAJX1U+3T5YK0wCgYIKoZIzj0EAwIwaTEL\nMAkGA1UEBhMCVVMxEzARBgNVBAgTCkNhbGlmb3JuaWExFjAUBgNVBAcTDVNhbiBG\ncmFuY2lzY28xFDASBgNVBAoTC2V4YW1wbGUuY29tMRcwFQYDVQQDEw5jYS5leGFt\ncGxlLmNvbTAeFw0yNjA0MjAxMzQ2MDBaFw0zNjA0MTcxMzQ2MDBaMGoxCzAJBgNV\nBAYTAlVTMRMwEQYDVQQIEwpDYWxpZm9ybmlhMRYwFAYDVQQHEw1TYW4gRnJhbmNp\nc2NvMRAwDgYDVQQLEwdvcmRlcmVyMRwwGgYDVQQDExNvcmRlcmVyLmV4YW1wbGUu\nY29tMFkwEwYHKoZIzj0CAQYIKoZIzj0DAQcDQgAEL/ZC9OzNzHioXoqvbCpfWPR6\nL1yptCVfaFjcqePznZRCbBXuTYnco1sp3YwT047tLjPM8rl3BVItnaXNJebDNaNN\nMEswDgYDVR0PAQH/BAQDAgeAMAwGA1UdEwEB/wQCMAAwKwYDVR0jBCQwIoAgleYx\nzXLvWyTyLDIZelIW5B1SFYamkXH9tOeSZqqbGXkwCgYIKoZIzj0EAwIDSAAwRQIh\nAJ7UQm4XmQrzrgLV3O8/oDJHS2zjZqqx1j+5RIak5U4/AiBq+8XWOZ6vkxL0cuSr\n6QNxBkhl0vUdTijUKbnTGCYz2Q==\n-----END CERTIFICATE-----\n" client_tls_cert:"-----BEGIN CERTIFICATE-----\nMIICajCCAhGgAwIBAgIRAJsWdrmOp3PuzoCLyK5hH/4wCgYIKoZIzj0EAwIwbDEL\nMAkGA1UEBhMCVVMxEzARBgNVBAgTCkNhbGlmb3JuaWExFjAUBgNVBAcTDVNhbiBG\ncmFuY2lzY28xFDASBgNVBAoTC2V4YW1wbGUuY29tMRowGAYDVQQDExF0bHNjYS5l\neGFtcGxlLmNvbTAeFw0yNjA0MjAxMzQ2MDBaFw0zNjA0MTcxMzQ2MDBaMFgxCzAJ\nBgNVBAYTAlVTMRMwEQYDVQQIEwpDYWxpZm9ybmlhMRYwFAYDVQQHEw1TYW4gRnJh\nbmNpc2NvMRwwGgYDVQQDExNvcmRlcmVyLmV4YW1wbGUuY29tMFkwEwYHKoZIzj0C\nAQYIKoZIzj0DAQcDQgAE8/vR5Vi6XQLf8dKrERfufZ/yFBgToJpCkhoRYeK4VaH0\njU0/UHUi9dfNVnHyeNWEr+Q5yyLPLa5Yd40Z7C4UP6OBpzCBpDAOBgNVHQ8BAf8E\nBAMCBaAwHQYDVR0lBBYwFAYIKwYBBQUHAwEGCCsGAQUFBwMCMAwGA1UdEwEB/wQC\nMAAwKwYDVR0jBCQwIoAga8vrE6tQTt+HOcAcpd21Ibia+IPVO7gs0RWEbRZKEcIw\nOAYDVR0RBDEwL4ITb3JkZXJlci5leGFtcGxlLmNvbYIHb3JkZXJlcoIJbG9jYWxo\nb3N0hwR/AAABMAoGCCqGSM49BAMCA0cAMEQCIFpfIqdTYQB5HDnVkXNVIHxww76U\nutJafUJFdvqhuq2yAiBUB2xuYsBTWOx7yYeB7E0DilzZwHAr7sO8kk51xX2gdQ==\n-----END CERTIFICATE-----\n" server_tls_cert:"-----BEGIN CERTIFICATE-----\nMIICajCCAhGgAwIBAgIRAJsWdrmOp3PuzoCLyK5hH/4wCgYIKoZIzj0EAwIwbDEL\nMAkGA1UEBhMCVVMxEzARBgNVBAgTCkNhbGlmb3JuaWExFjAUBgNVBAcTDVNhbiBG\ncmFuY2lzY28xFDASBgNVBAoTC2V4YW1wbGUuY29tMRowGAYDVQQDExF0bHNjYS5l\neGFtcGxlLmNvbTAeFw0yNjA0MjAxMzQ2MDBaFw0zNjA0MTcxMzQ2MDBaMFgxCzAJ\nBgNVBAYTAlVTMRMwEQYDVQQIEwpDYWxpZm9ybmlhMRYwFAYDVQQHEw1TYW4gRnJh\nbmNpc2NvMRwwGgYDVQQDExNvcmRlcmVyLmV4YW1wbGUuY29tMFkwEwYHKoZIzj0C\nAQYIKoZIzj0DAQcDQgAE8/vR5Vi6XQLf8dKrERfufZ/yFBgToJpCkhoRYeK4VaH0\njU0/UHUi9dfNVnHyeNWEr+Q5yyLPLa5Yd40Z7C4UP6OBpzCBpDAOBgNVHQ8BAf8E\nBAMCBaAwHQYDVR0lBBYwFAYIKwYBBQUHAwEGCCsGAQUFBwMCMAwGA1UdEwEB/wQC\nMAAwKwYDVR0jBCQwIoAga8vrE6tQTt+HOcAcpd21Ibia+IPVO7gs0RWEbRZKEcIw\nOAYDVR0RBDEwL4ITb3JkZXJlci5leGFtcGxlLmNvbYIHb3JkZXJlcoIJbG9jYWxo\nb3N0hwR/AAABMAoGCCqGSM49BAMCA0cAMEQCIFpfIqdTYQB5HDnVkXNVIHxww76U\nutJafUJFdvqhuq2yAiBUB2xuYsBTWOx7yYeB7E0DilzZwHAr7sO8kk51xX2gdQ==\n-----END CERTIFICATE-----\n" id:2 host:"127.0.0.1" port:8050 msp_id:"OrdererMSP" identity:"-----BEGIN CERTIFICATE-----\nMIICHjCCAcWgAwIBAgIQVkfddVoe8eAa2SqcIE6T3zAKBggqhkjOPQQDAjBpMQsw\nCQYDVQQGEwJVUzETMBEGA1UECBMKQ2FsaWZvcm5pYTEWMBQGA1UEBxMNU2FuIEZy\nYW5jaXNjbzEUMBIGA1UEChMLZXhhbXBsZS5jb20xFzAVBgNVBAMTDmNhLmV4YW1w\nbGUuY29tMB4XDTI2MDQyMDEzNDYwMFoXDTM2MDQxNzEzNDYwMFowazELMAkGA1UE\nBhMCVVMxEzARBgNVBAgTCkNhbGlmb3JuaWExFjAUBgNVBAcTDVNhbiBGcmFuY2lz\nY28xEDAOBgNVBAsTB29yZGVyZXIxHTAbBgNVBAMTFG9yZGVyZXIyLmV4YW1wbGUu\nY29tMFkwEwYHKoZIzj0CAQYIKoZIzj0DAQcDQgAEdcLUMREzgGOUg5l5PuT+ONWk\nNPfvuRzO/XgS5KL7bKsAp/EwC7JR7ssqpqvnwnnN6bfPOztGzxPNioK9Ye8r86NN\nMEswDgYDVR0PAQH/BAQDAgeAMAwGA1UdEwEB/wQCMAAwKwYDVR0jBCQwIoAgleYx\nzXLvWyTyLDIZelIW5B1SFYamkXH9tOeSZqqbGXkwCgYIKoZIzj0EAwIDRwAwRAIg\ndkM4GhqbTE42uMIZF2xD1AqM8NPTvaMGByV1+CNR/6gCICnChe8ciwfQJe79/mvz\neoPMo+zF5+zOPZlg5VmRiFbc\n-----END CERTIFICATE-----\n" client_tls_cert:"-----BEGIN CERTIFICATE-----\nMIICbjCCAhSgAwIBAgIRAKOebzul0+Nli7sCZdtGA00wCgYIKoZIzj0EAwIwbDEL\nMAkGA1UEBhMCVVMxEzARBgNVBAgTCkNhbGlmb3JuaWExFjAUBgNVBAcTDVNhbiBG\ncmFuY2lzY28xFDASBgNVBAoTC2V4YW1wbGUuY29tMRowGAYDVQQDExF0bHNjYS5l\neGFtcGxlLmNvbTAeFw0yNjA0MjAxMzQ2MDBaFw0zNjA0MTcxMzQ2MDBaMFkxCzAJ\nBgNVBAYTAlVTMRMwEQYDVQQIEwpDYWxpZm9ybmlhMRYwFAYDVQQHEw1TYW4gRnJh\nbmNpc2NvMR0wGwYDVQQDExRvcmRlcmVyMi5leGFtcGxlLmNvbTBZMBMGByqGSM49\nAgEGCCqGSM49AwEHA0IABC2anLKQBnaMIAnCS0ir5/KiUh2KLrsKCq2paTQBguHZ\nrSnOwHQl801tjKBiHuDMkjVJfYJrNKtijmWDx/HtfxqjgakwgaYwDgYDVR0PAQH/\nBAQDAgWgMB0GA1UdJQQWMBQGCCsGAQUFBwMBBggrBgEFBQcDAjAMBgNVHRMBAf8E\nAjAAMCsGA1UdIwQkMCKAIGvL6xOrUE7fhznAHKXdtSG4mviD1Tu4LNEVhG0WShHC\nMDoGA1UdEQQzMDGCFG9yZGVyZXIyLmV4YW1wbGUuY29tgghvcmRlcmVyMoIJbG9j\nYWxob3N0hwR/AAABMAoGCCqGSM49BAMCA0gAMEUCIQCv5eB4S/0cu7I8kc9UTC3H\nvNu62UiC+SKCgsUsAcdoRAIgAT4TNpSNKVA+sEWoI2iobCFlM5Yec5t20mMRzezX\nbWw=\n-----END CERTIFICATE-----\n" server_tls_cert:"-----BEGIN CERTIFICATE-----\nMIICbjCCAhSgAwIBAgIRAKOebzul0+Nli7sCZdtGA00wCgYIKoZIzj0EAwIwbDEL\nMAkGA1UEBhMCVVMxEzARBgNVBAgTCkNhbGlmb3JuaWExFjAUBgNVBAcTDVNhbiBG\ncmFuY2lzY28xFDASBgNVBAoTC2V4YW1wbGUuY29tMRowGAYDVQQDExF0bHNjYS5l\neGFtcGxlLmNvbTAeFw0yNjA0MjAxMzQ2MDBaFw0zNjA0MTcxMzQ2MDBaMFkxCzAJ\nBgNVBAYTAlVTMRMwEQYDVQQIEwpDYWxpZm9ybmlhMRYwFAYDVQQHEw1TYW4gRnJh\nbmNpc2NvMR0wGwYDVQQDExRvcmRlcmVyMi5leGFtcGxlLmNvbTBZMBMGByqGSM49\nAgEGCCqGSM49AwEHA0IABC2anLKQBnaMIAnCS0ir5/KiUh2KLrsKCq2paTQBguHZ\nrSnOwHQl801tjKBiHuDMkjVJfYJrNKtijmWDx/HtfxqjgakwgaYwDgYDVR0PAQH/\nBAQDAgWgMB0GA1UdJQQWMBQGCCsGAQUFBwMBBggrBgEFBQcDAjAMBgNVHRMBAf8E\nAjAAMCsGA1UdIwQkMCKAIGvL6xOrUE7fhznAHKXdtSG4mviD1Tu4LNEVhG0WShHC\nMDoGA1UdEQQzMDGCFG9yZGVyZXIyLmV4YW1wbGUuY29tgghvcmRlcmVyMoIJbG9j\nYWxob3N0hwR/AAABMAoGCCqGSM49BAMCA0gAMEUCIQCv5eB4S/0cu7I8kc9UTC3H\nvNu62UiC+SKCgsUsAcdoRAIgAT4TNpSNKVA+sEWoI2iobCFlM5Yec5t20mMRzezX\nbWw=\n-----END CERTIFICATE-----\n" id:3 host:"127.0.0.1" port:9050 msp_id:"OrdererMSP" identity:"-----BEGIN CERTIFICATE-----\nMIICIDCCAcagAwIBAgIRALy5dN9buEAy8pUXVQKw8hAwCgYIKoZIzj0EAwIwaTEL\nMAkGA1UEBhMCVVMxEzARBgNVBAgTCkNhbGlmb3JuaWExFjAUBgNVBAcTDVNhbiBG\ncmFuY2lzY28xFDASBgNVBAoTC2V4YW1wbGUuY29tMRcwFQYDVQQDEw5jYS5leGFt\ncGxlLmNvbTAeFw0yNjA0MjAxMzQ2MDBaFw0zNjA0MTcxMzQ2MDBaMGsxCzAJBgNV\nBAYTAlVTMRMwEQYDVQQIEwpDYWxpZm9ybmlhMRYwFAYDVQQHEw1TYW4gRnJhbmNp\nc2NvMRAwDgYDVQQLEwdvcmRlcmVyMR0wGwYDVQQDExRvcmRlcmVyMy5leGFtcGxl\nLmNvbTBZMBMGByqGSM49AgEGCCqGSM49AwEHA0IABD/eYxhEhSeEEnuqTlentENY\nZRvTu2XKqKawY1dPjkgo/EJJzM5PSk+URfXJZld5ogZv+zIsjQIMN7B5FoDnPimj\nTTBLMA4GA1UdDwEB/wQEAwIHgDAMBgNVHRMBAf8EAjAAMCsGA1UdIwQkMCKAIJXm\nMc1y71sk8iwyGXpSFuQdUhWGppFx/bTnkmaqmxl5MAoGCCqGSM49BAMCA0gAMEUC\nIQD/bbOFjf++XaFyY7xrUtTl33J03Wcuq6uB8hlRv4ERIwIgDBDChk44OMV1AvwQ\n28K7Ab+9LhgdqEU5PVktmzxZsF8=\n-----END CERTIFICATE-----\n" client_tls_cert:"-----BEGIN CERTIFICATE-----\nMIICbTCCAhSgAwIBAgIRAORP+N9sCtJJmOaS8Qjla7UwCgYIKoZIzj0EAwIwbDEL\nMAkGA1UEBhMCVVMxEzARBgNVBAgTCkNhbGlmb3JuaWExFjAUBgNVBAcTDVNhbiBG\ncmFuY2lzY28xFDASBgNVBAoTC2V4YW1wbGUuY29tMRowGAYDVQQDExF0bHNjYS5l\neGFtcGxlLmNvbTAeFw0yNjA0MjAxMzQ2MDBaFw0zNjA0MTcxMzQ2MDBaMFkxCzAJ\nBgNVBAYTAlVTMRMwEQYDVQQIEwpDYWxpZm9ybmlhMRYwFAYDVQQHEw1TYW4gRnJh\nbmNpc2NvMR0wGwYDVQQDExRvcmRlcmVyMy5leGFtcGxlLmNvbTBZMBMGByqGSM49\nAgEGCCqGSM49AwEHA0IABKTwQGj8ZPQQR3N/sq2uyU5Uz4ggw+9BQHHHBkzVaZhD\nNJmPaZOAnlwa9XBPjG+rqFrG963ahEUSGu2AZLU2xyyjgakwgaYwDgYDVR0PAQH/\nBAQDAgWgMB0GA1UdJQQWMBQGCCsGAQUFBwMBBggrBgEFBQcDAjAMBgNVHRMBAf8E\nAjAAMCsGA1UdIwQkMCKAIGvL6xOrUE7fhznAHKXdtSG4mviD1Tu4LNEVhG0WShHC\nMDoGA1UdEQQzMDGCFG9yZGVyZXIzLmV4YW1wbGUuY29tgghvcmRlcmVyM4IJbG9j\nYWxob3N0hwR/AAABMAoGCCqGSM49BAMCA0cAMEQCIDdGbAI5VQRf66DmTEoehH2G\nJ8H7UncHSj9uuKCspDReAiBYNsCdAPTsJKkuBYE61Riusws+VqlQaXuKVMPI7Zw7\njA==\n-----END CERTIFICATE-----\n" server_tls_cert:"-----BEGIN CERTIFICATE-----\nMIICbTCCAhSgAwIBAgIRAORP+N9sCtJJmOaS8Qjla7UwCgYIKoZIzj0EAwIwbDEL\nMAkGA1UEBhMCVVMxEzARBgNVBAgTCkNhbGlmb3JuaWExFjAUBgNVBAcTDVNhbiBG\ncmFuY2lzY28xFDASBgNVBAoTC2V4YW1wbGUuY29tMRowGAYDVQQDExF0bHNjYS5l\neGFtcGxlLmNvbTAeFw0yNjA0MjAxMzQ2MDBaFw0zNjA0MTcxMzQ2MDBaMFkxCzAJ\nBgNVBAYTAlVTMRMwEQYDVQQIEwpDYWxpZm9ybmlhMRYwFAYDVQQHEw1TYW4gRnJh\nbmNpc2NvMR0wGwYDVQQDExRvcmRlcmVyMy5leGFtcGxlLmNvbTBZMBMGByqGSM49\nAgEGCCqGSM49AwEHA0IABKTwQGj8ZPQQR3N/sq2uyU5Uz4ggw+9BQHHHBkzVaZhD\nNJmPaZOAnlwa9XBPjG+rqFrG963ahEUSGu2AZLU2xyyjgakwgaYwDgYDVR0PAQH/\nBAQDAgWgMB0GA1UdJQQWMBQGCCsGAQUFBwMBBggrBgEFBQcDAjAMBgNVHRMBAf8E\nAjAAMCsGA1UdIwQkMCKAIGvL6xOrUE7fhznAHKXdtSG4mviD1Tu4LNEVhG0WShHC\nMDoGA1UdEQQzMDGCFG9yZGVyZXIzLmV4YW1wbGUuY29tgghvcmRlcmVyM4IJbG9j\nYWxob3N0hwR/AAABMAoGCCqGSM49BAMCA0cAMEQCIDdGbAI5VQRf66DmTEoehH2G\nJ8H7UncHSj9uuKCspDReAiBYNsCdAPTsJKkuBYE61Riusws+VqlQaXuKVMPI7Zw7\njA==\n-----END CERTIFICATE-----\n" id:4 host:"127.0.0.1" port:10050 msp_id:"OrdererMSP" identity:"-----BEGIN CERTIFICATE-----\nMIICHzCCAcWgAwIBAgIQC4Fesb8bjBdHT/SYo6V+jDAKBggqhkjOPQQDAjBpMQsw\nCQYDVQQGEwJVUzETMBEGA1UECBMKQ2FsaWZvcm5pYTEWMBQGA1UEBxMNU2FuIEZy\nYW5jaXNjbzEUMBIGA1UEChMLZXhhbXBsZS5jb20xFzAVBgNVBAMTDmNhLmV4YW1w\nbGUuY29tMB4XDTI2MDQyMDEzNDYwMFoXDTM2MDQxNzEzNDYwMFowazELMAkGA1UE\nBhMCVVMxEzARBgNVBAgTCkNhbGlmb3JuaWExFjAUBgNVBAcTDVNhbiBGcmFuY2lz\nY28xEDAOBgNVBAsTB29yZGVyZXIxHTAbBgNVBAMTFG9yZGVyZXI0LmV4YW1wbGUu\nY29tMFkwEwYHKoZIzj0CAQYIKoZIzj0DAQcDQgAE8I6oM8AOPE38uifg9sM/8wEk\n0E2thddy57B0Ij/IUrvbNBuvOT+mDIMF3yebDFgn950herJDbZMKd8Co7pCivaNN\nMEswDgYDVR0PAQH/BAQDAgeAMAwGA1UdEwEB/wQCMAAwKwYDVR0jBCQwIoAgleYx\nzXLvWyTyLDIZelIW5B1SFYamkXH9tOeSZqqbGXkwCgYIKoZIzj0EAwIDSAAwRQIh\nAJyRwRaO4j6DXcb+zU4kLQXP0YBm1e8bOishuSVgbDT6AiADWNRGUwGdVBzc+dEt\n84ZbeFvAHY4UuuLjM0M9k0nX5Q==\n-----END CERTIFICATE-----\n" client_tls_cert:"-----BEGIN CERTIFICATE-----\nMIICbTCCAhSgAwIBAgIRAOLHYLsJg01RNtsBrYeSO+owCgYIKoZIzj0EAwIwbDEL\nMAkGA1UEBhMCVVMxEzARBgNVBAgTCkNhbGlmb3JuaWExFjAUBgNVBAcTDVNhbiBG\ncmFuY2lzY28xFDASBgNVBAoTC2V4YW1wbGUuY29tMRowGAYDVQQDExF0bHNjYS5l\neGFtcGxlLmNvbTAeFw0yNjA0MjAxMzQ2MDBaFw0zNjA0MTcxMzQ2MDBaMFkxCzAJ\nBgNVBAYTAlVTMRMwEQYDVQQIEwpDYWxpZm9ybmlhMRYwFAYDVQQHEw1TYW4gRnJh\nbmNpc2NvMR0wGwYDVQQDExRvcmRlcmVyNC5leGFtcGxlLmNvbTBZMBMGByqGSM49\nAgEGCCqGSM49AwEHA0IABIEKPZASVChS8WViDLOPvN1YGChSWrN2fitpW7j+yHla\ntaPaPF7VOO2rptbJqI0Y1M5F/x5f62qrUh2SspcPnwGjgakwgaYwDgYDVR0PAQH/\nBAQDAgWgMB0GA1UdJQQWMBQGCCsGAQUFBwMBBggrBgEFBQcDAjAMBgNVHRMBAf8E\nAjAAMCsGA1UdIwQkMCKAIGvL6xOrUE7fhznAHKXdtSG4mviD1Tu4LNEVhG0WShHC\nMDoGA1UdEQQzMDGCFG9yZGVyZXI0LmV4YW1wbGUuY29tgghvcmRlcmVyNIIJbG9j\nYWxob3N0hwR/AAABMAoGCCqGSM49BAMCA0cAMEQCIDe0wVr4MHpfFVvmBo1kV48C\ndSnqkOCWQZT7IVSXhnMpAiA5T6f35ZCbi4lw2bk1AvMLPf7/NqJoQ89ZIxZn+MsB\nvQ==\n-----END CERTIFICATE-----\n" server_tls_cert:"-----BEGIN CERTIFICATE-----\nMIICbTCCAhSgAwIBAgIRAOLHYLsJg01RNtsBrYeSO+owCgYIKoZIzj0EAwIwbDEL\nMAkGA1UEBhMCVVMxEzARBgNVBAgTCkNhbGlmb3JuaWExFjAUBgNVBAcTDVNhbiBG\ncmFuY2lzY28xFDASBgNVBAoTC2V4YW1wbGUuY29tMRowGAYDVQQDExF0bHNjYS5l\neGFtcGxlLmNvbTAeFw0yNjA0MjAxMzQ2MDBaFw0zNjA0MTcxMzQ2MDBaMFkxCzAJ\nBgNVBAYTAlVTMRMwEQYDVQQIEwpDYWxpZm9ybmlhMRYwFAYDVQQHEw1TYW4gRnJh\nbmNpc2NvMR0wGwYDVQQDExRvcmRlcmVyNC5leGFtcGxlLmNvbTBZMBMGByqGSM49\nAgEGCCqGSM49AwEHA0IABIEKPZASVChS8WViDLOPvN1YGChSWrN2fitpW7j+yHla\ntaPaPF7VOO2rptbJqI0Y1M5F/x5f62qrUh2SspcPnwGjgakwgaYwDgYDVR0PAQH/\nBAQDAgWgMB0GA1UdJQQWMBQGCCsGAQUFBwMBBggrBgEFBQcDAjAMBgNVHRMBAf8E\nAjAAMCsGA1UdIwQkMCKAIGvL6xOrUE7fhznAHKXdtSG4mviD1Tu4LNEVhG0WShHC\nMDoGA1UdEQQzMDGCFG9yZGVyZXI0LmV4YW1wbGUuY29tgghvcmRlcmVyNIIJbG9j\nYWxob3N0hwR/AAABMAoGCCqGSM49BAMCA0cAMEQCIDe0wVr4MHpfFVvmBo1kV48C\ndSnqkOCWQZT7IVSXhnMpAiA5T6f35ZCbi4lw2bk1AvMLPf7/NqJoQ89ZIxZn+MsB\nvQ==\n-----END CERTIFICATE-----\n"]
[34m2026-04-20 10:51:04.561 -03 002a INFO[0m [orderer.common.multichannel] [34;1mcreateAsMember[0m -> Joining channel: {canal3  consenter active 1}
[34m2026-04-20 10:51:04.563 -03 002b INFO[0m [orderer.consensus.smartbft.consensus] [34;1mLoadViewChangeIfApplicable[0m -> Nothing to restore channel=canal3
[34m2026-04-20 10:51:04.563 -03 002c INFO[0m [orderer.consensus.smartbft.consensus] [34;1mLoadNewViewIfApplicable[0m -> Nothing to restore channel=canal3
[34m2026-04-20 10:51:04.563 -03 002d INFO[0m [orderer.consensus.smartbft.consensus] [34;1mRestore[0m -> Nothing to restore channel=canal3
[34m2026-04-20 10:51:04.563 -03 002e INFO[0m [orderer.consensus.smartbft.consensus] [34;1mChangeRole[0m -> Changing to follower role, current view: 0, current leader: 1 channel=canal3
[34m2026-04-20 10:51:04.563 -03 002f INFO[0m [orderer.consensus.smartbft.consensus] [34;1mstartView[0m -> Starting view with number 0, sequence 1, and decisions 0 channel=canal3
