🚀 Iniciando SKEEN Orderer 3 (Porta 9050) | Admin (9445)...
[SKEEN NETWORK LAYER] API HTTP All-to-All ativa na porta: 19050
[SKEEN] Nó iniciado para o canal: canal3
[SKEEN Canal canal3] Tx [CROSS_canal3-canal2-canal4-canal1_RUN1776973470353_1] recebida. TS: 1 | Papel: PEER (All-to-All)
📡 [ALL-TO-ALL] Shard canal3 pedindo TS do canal2 para Tx [CROSS_canal3-canal2-canal4-canal1_RUN1776973470353_1]
📨 [FEEDBACK API] Shard canal3 devolvendo TS 1 para quem pediu. Tx [CROSS_canal3-canal2-canal4-canal1_RUN1776973470353_1]
📨 [FEEDBACK API] Shard canal3 devolvendo TS 1 para quem pediu. Tx [CROSS_canal3-canal2-canal4-canal1_RUN1776973470353_1]
📨 [FEEDBACK API] Shard canal3 devolvendo TS 1 para quem pediu. Tx [CROSS_canal3-canal2-canal4-canal1_RUN1776973470353_1]
📩 [ALL-TO-ALL] Shard canal3 recebeu TS: 1 do canal2 para Tx [CROSS_canal3-canal2-canal4-canal1_RUN1776973470353_1]
📡 [ALL-TO-ALL] Shard canal3 pedindo TS do canal4 para Tx [CROSS_canal3-canal2-canal4-canal1_RUN1776973470353_1]
📩 [ALL-TO-ALL] Shard canal3 recebeu TS: 1 do canal4 para Tx [CROSS_canal3-canal2-canal4-canal1_RUN1776973470353_1]
📡 [ALL-TO-ALL] Shard canal3 pedindo TS do canal1 para Tx [CROSS_canal3-canal2-canal4-canal1_RUN1776973470353_1]
📩 [ALL-TO-ALL] Shard canal3 recebeu TS: 1 do canal1 para Tx [CROSS_canal3-canal2-canal4-canal1_RUN1776973470353_1]
🔄 [ALL-TO-ALL Shard canal3] CONSENSO INDEPENDENTE ATINGIDO: CROSS_canal3-canal2-canal4-canal1_RUN1776973470353_1 | TS Final: 1
[SKEEN Canal canal3] Tx [CROSS_canal3_RUN1776973510861_99] recebida. TS: 2 | Papel: PEER (All-to-All)
[SKEEN Canal canal3] Tx [CROSS_canal3_RUN1776973510861_17] recebida. TS: 3 | Papel: PEER (All-to-All)
[SKEEN Canal canal3] Tx [CROSS_canal3_RUN1776973510861_65] recebida. TS: 4 | Papel: PEER (All-to-All)
[SKEEN Canal canal3] Tx [CROSS_canal3_RUN1776973510861_94] recebida. TS: 5 | Papel: PEER (All-to-All)
[SKEEN Canal canal3] Tx [CROSS_canal3_RUN1776973510861_78] recebida. TS: 6 | Papel: PEER (All-to-All)
[SKEEN Canal canal3] Tx [CROSS_canal3_RUN1776973510861_2] recebida. TS: 7 | Papel: PEER (All-to-All)
[SKEEN Canal canal3] Tx [CROSS_canal3_RUN1776973510861_44] recebida. TS: 8 | Papel: PEER (All-to-All)
[SKEEN Canal canal3] Tx [CROSS_canal3_RUN1776973510861_18] recebida. TS: 9 | Papel: PEER (All-to-All)
[SKEEN Canal canal3] Tx [CROSS_canal3_RUN1776973510861_67] recebida. TS: 10 | Papel: PEER (All-to-All)
[SKEEN Canal canal3] Tx [CROSS_canal3_RUN1776973510861_6] recebida. TS: 11 | Papel: PEER (All-to-All)
[SKEEN Canal canal3] Tx [CROSS_canal3_RUN1776973510861_5] recebida. TS: 12 | Papel: PEER (All-to-All)
[SKEEN Canal canal3] Tx [CROSS_canal3_RUN1776973510861_34] recebida. TS: 13 | Papel: PEER (All-to-All)
[SKEEN Canal canal3] Tx [CROSS_canal3_RUN1776973510861_82] recebida. TS: 14 | Papel: PEER (All-to-All)
[SKEEN Canal canal3] Tx [CROSS_canal3_RUN1776973510861_61] recebida. TS: 15 | Papel: PEER (All-to-All)
[SKEEN Canal canal3] Tx [CROSS_canal3_RUN1776973510861_57] recebida. TS: 16 | Papel: PEER (All-to-All)
[SKEEN Canal canal3] Tx [CROSS_canal3_RUN1776973510861_68] recebida. TS: 17 | Papel: PEER (All-to-All)
[SKEEN Canal canal3] Tx [CROSS_canal3_RUN1776973510861_96] recebida. TS: 18 | Papel: PEER (All-to-All)
[SKEEN Canal canal3] Tx [CROSS_canal3_RUN1776973510861_21] recebida. TS: 19 | Papel: PEER (All-to-All)
[SKEEN Canal canal3] Tx [CROSS_canal3_RUN1776973510861_3] recebida. TS: 20 | Papel: PEER (All-to-All)
[SKEEN Canal canal3] Tx [CROSS_canal3_RUN1776973510861_27] recebida. TS: 21 | Papel: PEER (All-to-All)
[SKEEN Canal canal3] Tx [CROSS_canal3_RUN1776973510861_30] recebida. TS: 22 | Papel: PEER (All-to-All)
[SKEEN Canal canal3] Tx [CROSS_canal3_RUN1776973510861_87] recebida. TS: 23 | Papel: PEER (All-to-All)
[SKEEN Canal canal3] Tx [CROSS_canal3_RUN1776973510861_93] recebida. TS: 24 | Papel: PEER (All-to-All)
[SKEEN Canal canal3] Tx [CROSS_canal3_RUN1776973510861_8] recebida. TS: 25 | Papel: PEER (All-to-All)
[SKEEN Canal canal3] Tx [CROSS_canal3_RUN1776973510861_74] recebida. TS: 26 | Papel: PEER (All-to-All)
[SKEEN Canal canal3] Tx [CROSS_canal3_RUN1776973510861_76] recebida. TS: 27 | Papel: PEER (All-to-All)
[SKEEN Canal canal3] Tx [CROSS_canal3_RUN1776973510861_7] recebida. TS: 28 | Papel: PEER (All-to-All)
[SKEEN Canal canal3] Tx [CROSS_canal3_RUN1776973510861_48] recebida. TS: 29 | Papel: PEER (All-to-All)
[SKEEN Canal canal3] Tx [CROSS_canal3_RUN1776973510861_83] recebida. TS: 30 | Papel: PEER (All-to-All)
[SKEEN Canal canal3] Tx [CROSS_canal2-canal3_RUN1776973556414_1] recebida. TS: 31 | Papel: PEER (All-to-All)
📡 [ALL-TO-ALL] Shard canal3 pedindo TS do canal2 para Tx [CROSS_canal2-canal3_RUN1776973556414_1]
📨 [FEEDBACK API] Shard canal3 devolvendo TS 31 para quem pediu. Tx [CROSS_canal2-canal3_RUN1776973556414_1]
📩 [ALL-TO-ALL] Shard canal3 recebeu TS: 28 do canal2 para Tx [CROSS_canal2-canal3_RUN1776973556414_1]
🔄 [ALL-TO-ALL Shard canal3] CONSENSO INDEPENDENTE ATINGIDO: CROSS_canal2-canal3_RUN1776973556414_1 | TS Final: 31
[SKEEN Canal canal3] Tx [CROSS_canal1-canal4-canal2-canal3_RUN1776973560818_1] recebida. TS: 32 | Papel: PEER (All-to-All)
📡 [ALL-TO-ALL] Shard canal3 pedindo TS do canal1 para Tx [CROSS_canal1-canal4-canal2-canal3_RUN1776973560818_1]
📩 [ALL-TO-ALL] Shard canal3 recebeu TS: 31 do canal1 para Tx [CROSS_canal1-canal4-canal2-canal3_RUN1776973560818_1]
📡 [ALL-TO-ALL] Shard canal3 pedindo TS do canal4 para Tx [CROSS_canal1-canal4-canal2-canal3_RUN1776973560818_1]
📩 [ALL-TO-ALL] Shard canal3 recebeu TS: 28 do canal4 para Tx [CROSS_canal1-canal4-canal2-canal3_RUN1776973560818_1]
📡 [ALL-TO-ALL] Shard canal3 pedindo TS do canal2 para Tx [CROSS_canal1-canal4-canal2-canal3_RUN1776973560818_1]
📨 [FEEDBACK API] Shard canal3 devolvendo TS 32 para quem pediu. Tx [CROSS_canal1-canal4-canal2-canal3_RUN1776973560818_1]
📩 [ALL-TO-ALL] Shard canal3 recebeu TS: 32 do canal2 para Tx [CROSS_canal1-canal4-canal2-canal3_RUN1776973560818_1]
🔄 [ALL-TO-ALL Shard canal3] CONSENSO INDEPENDENTE ATINGIDO: CROSS_canal1-canal4-canal2-canal3_RUN1776973560818_1 | TS Final: 32
📨 [FEEDBACK API] Shard canal3 devolvendo TS 32 para quem pediu. Tx [CROSS_canal1-canal4-canal2-canal3_RUN1776973560818_1]
📨 [FEEDBACK API] Shard canal3 devolvendo TS 32 para quem pediu. Tx [CROSS_canal1-canal4-canal2-canal3_RUN1776973560818_1]
[SKEEN Canal canal3] Tx [CROSS_canal1-canal2-canal3-canal4_RUN1776973570765_1] recebida. TS: 33 | Papel: PEER (All-to-All)
📡 [ALL-TO-ALL] Shard canal3 pedindo TS do canal1 para Tx [CROSS_canal1-canal2-canal3-canal4_RUN1776973570765_1]
📩 [ALL-TO-ALL] Shard canal3 recebeu TS: 33 do canal1 para Tx [CROSS_canal1-canal2-canal3-canal4_RUN1776973570765_1]
📡 [ALL-TO-ALL] Shard canal3 pedindo TS do canal2 para Tx [CROSS_canal1-canal2-canal3-canal4_RUN1776973570765_1]
📩 [ALL-TO-ALL] Shard canal3 recebeu TS: 33 do canal2 para Tx [CROSS_canal1-canal2-canal3-canal4_RUN1776973570765_1]
📡 [ALL-TO-ALL] Shard canal3 pedindo TS do canal4 para Tx [CROSS_canal1-canal2-canal3-canal4_RUN1776973570765_1]
📩 [ALL-TO-ALL] Shard canal3 recebeu TS: 33 do canal4 para Tx [CROSS_canal1-canal2-canal3-canal4_RUN1776973570765_1]
🔄 [ALL-TO-ALL Shard canal3] CONSENSO INDEPENDENTE ATINGIDO: CROSS_canal1-canal2-canal3-canal4_RUN1776973570765_1 | TS Final: 33
📨 [FEEDBACK API] Shard canal3 devolvendo TS 33 para quem pediu. Tx [CROSS_canal1-canal2-canal3-canal4_RUN1776973570765_1]
📨 [FEEDBACK API] Shard canal3 devolvendo TS 33 para quem pediu. Tx [CROSS_canal1-canal2-canal3-canal4_RUN1776973570765_1]
📨 [FEEDBACK API] Shard canal3 devolvendo TS 33 para quem pediu. Tx [CROSS_canal1-canal2-canal3-canal4_RUN1776973570765_1]
[SKEEN Canal canal3] Tx [CROSS_canal3_RUN1776973575126_17] recebida. TS: 34 | Papel: PEER (All-to-All)
[SKEEN Canal canal3] Tx [CROSS_canal3_RUN1776973575126_41] recebida. TS: 35 | Papel: PEER (All-to-All)
[SKEEN Canal canal3] Tx [CROSS_canal3_RUN1776973575126_81] recebida. TS: 36 | Papel: PEER (All-to-All)
[SKEEN Canal canal3] Tx [CROSS_canal3_RUN1776973575126_33] recebida. TS: 37 | Papel: PEER (All-to-All)
[SKEEN Canal canal3] Tx [CROSS_canal3_RUN1776973575126_14] recebida. TS: 38 | Papel: PEER (All-to-All)
[SKEEN Canal canal3] Tx [CROSS_canal3_RUN1776973575126_54] recebida. TS: 39 | Papel: PEER (All-to-All)
[SKEEN Canal canal3] Tx [CROSS_canal3_RUN1776973575126_69] recebida. TS: 40 | Papel: PEER (All-to-All)
[SKEEN Canal canal3] Tx [CROSS_canal3_RUN1776973575126_6] recebida. TS: 41 | Papel: PEER (All-to-All)
[SKEEN Canal canal3] Tx [CROSS_canal3_RUN1776973575126_52] recebida. TS: 42 | Papel: PEER (All-to-All)
[SKEEN Canal canal3] Tx [CROSS_canal3_RUN1776973575126_96] recebida. TS: 43 | Papel: PEER (All-to-All)
[SKEEN Canal canal3] Tx [CROSS_canal3_RUN1776973575126_12] recebida. TS: 44 | Papel: PEER (All-to-All)
[SKEEN Canal canal3] Tx [CROSS_canal3_RUN1776973575126_42] recebida. TS: 45 | Papel: PEER (All-to-All)
[SKEEN Canal canal3] Tx [CROSS_canal3_RUN1776973575126_68] recebida. TS: 46 | Papel: PEER (All-to-All)
[SKEEN Canal canal3] Tx [CROSS_canal3_RUN1776973575126_51] recebida. TS: 47 | Papel: PEER (All-to-All)
[SKEEN Canal canal3] Tx [CROSS_canal3_RUN1776973575126_60] recebida. TS: 48 | Papel: PEER (All-to-All)
[SKEEN Canal canal3] Tx [CROSS_canal3_RUN1776973575126_93] recebida. TS: 49 | Papel: PEER (All-to-All)
[SKEEN Canal canal3] Tx [CROSS_canal3_RUN1776973575126_65] recebida. TS: 50 | Papel: PEER (All-to-All)
[SKEEN Canal canal3] Tx [CROSS_canal3_RUN1776973575126_29] recebida. TS: 51 | Papel: PEER (All-to-All)
[SKEEN Canal canal3] Tx [CROSS_canal3_RUN1776973575126_76] recebida. TS: 52 | Papel: PEER (All-to-All)
[SKEEN Canal canal3] Tx [CROSS_canal3_RUN1776973575126_92] recebida. TS: 53 | Papel: PEER (All-to-All)
[SKEEN Canal canal3] Tx [CROSS_canal3_RUN1776973575126_87] recebida. TS: 54 | Papel: PEER (All-to-All)
[SKEEN Canal canal3] Tx [CROSS_canal3_RUN1776973575126_94] recebida. TS: 55 | Papel: PEER (All-to-All)
[SKEEN Canal canal3] Tx [CROSS_canal3-canal4_RUN1776973600311_1] recebida. TS: 56 | Papel: PEER (All-to-All)
📡 [ALL-TO-ALL] Shard canal3 pedindo TS do canal4 para Tx [CROSS_canal3-canal4_RUN1776973600311_1]
📩 [ALL-TO-ALL] Shard canal3 recebeu TS: 64 do canal4 para Tx [CROSS_canal3-canal4_RUN1776973600311_1]
🔄 [ALL-TO-ALL Shard canal3] CONSENSO INDEPENDENTE ATINGIDO: CROSS_canal3-canal4_RUN1776973600311_1 | TS Final: 64
⏱️ [SYNC] Shard canal3 adiantou o relógio interno para 64
📨 [FEEDBACK API] Shard canal3 devolvendo TS 56 para quem pediu. Tx [CROSS_canal3-canal4_RUN1776973600311_1]
[SKEEN Canal canal3] Tx [CROSS_canal3-canal1_RUN1776973602295_1] recebida. TS: 65 | Papel: PEER (All-to-All)
📡 [ALL-TO-ALL] Shard canal3 pedindo TS do canal1 para Tx [CROSS_canal3-canal1_RUN1776973602295_1]
📩 [ALL-TO-ALL] Shard canal3 recebeu TS: 60 do canal1 para Tx [CROSS_canal3-canal1_RUN1776973602295_1]
🔄 [ALL-TO-ALL Shard canal3] CONSENSO INDEPENDENTE ATINGIDO: CROSS_canal3-canal1_RUN1776973602295_1 | TS Final: 65
📨 [FEEDBACK API] Shard canal3 devolvendo TS 65 para quem pediu. Tx [CROSS_canal3-canal1_RUN1776973602295_1]
[SKEEN Canal canal3] Tx [CROSS_canal1-canal3_RUN1776973603438_1] recebida. TS: 66 | Papel: PEER (All-to-All)
📡 [ALL-TO-ALL] Shard canal3 pedindo TS do canal1 para Tx [CROSS_canal1-canal3_RUN1776973603438_1]
📨 [FEEDBACK API] Shard canal3 devolvendo TS 66 para quem pediu. Tx [CROSS_canal1-canal3_RUN1776973603438_1]
📩 [ALL-TO-ALL] Shard canal3 recebeu TS: 67 do canal1 para Tx [CROSS_canal1-canal3_RUN1776973603438_1]
🔄 [ALL-TO-ALL Shard canal3] CONSENSO INDEPENDENTE ATINGIDO: CROSS_canal1-canal3_RUN1776973603438_1 | TS Final: 67
⏱️ [SYNC] Shard canal3 adiantou o relógio interno para 67
[SKEEN Canal canal3] Tx [CROSS_canal3-canal2_RUN1776973605609_1] recebida. TS: 68 | Papel: PEER (All-to-All)
📡 [ALL-TO-ALL] Shard canal3 pedindo TS do canal2 para Tx [CROSS_canal3-canal2_RUN1776973605609_1]
📩 [ALL-TO-ALL] Shard canal3 recebeu TS: 70 do canal2 para Tx [CROSS_canal3-canal2_RUN1776973605609_1]
🔄 [ALL-TO-ALL Shard canal3] CONSENSO INDEPENDENTE ATINGIDO: CROSS_canal3-canal2_RUN1776973605609_1 | TS Final: 70
⏱️ [SYNC] Shard canal3 adiantou o relógio interno para 70
📨 [FEEDBACK API] Shard canal3 devolvendo TS 68 para quem pediu. Tx [CROSS_canal3-canal2_RUN1776973605609_1]
[SKEEN Canal canal3] Tx [CROSS_canal3-canal4_RUN1776973606377_1] recebida. TS: 71 | Papel: PEER (All-to-All)
📡 [ALL-TO-ALL] Shard canal3 pedindo TS do canal4 para Tx [CROSS_canal3-canal4_RUN1776973606377_1]
📨 [FEEDBACK API] Shard canal3 devolvendo TS 71 para quem pediu. Tx [CROSS_canal3-canal4_RUN1776973606377_1]
📩 [ALL-TO-ALL] Shard canal3 recebeu TS: 67 do canal4 para Tx [CROSS_canal3-canal4_RUN1776973606377_1]
🔄 [ALL-TO-ALL Shard canal3] CONSENSO INDEPENDENTE ATINGIDO: CROSS_canal3-canal4_RUN1776973606377_1 | TS Final: 71
[SKEEN Canal canal3] Tx [CROSS_canal2-canal3_RUN1776973607977_1] recebida. TS: 72 | Papel: PEER (All-to-All)
📨 [FEEDBACK API] Shard canal3 devolvendo TS 72 para quem pediu. Tx [CROSS_canal2-canal3_RUN1776973607977_1]
📡 [ALL-TO-ALL] Shard canal3 pedindo TS do canal2 para Tx [CROSS_canal2-canal3_RUN1776973607977_1]
📩 [ALL-TO-ALL] Shard canal3 recebeu TS: 73 do canal2 para Tx [CROSS_canal2-canal3_RUN1776973607977_1]
🔄 [ALL-TO-ALL Shard canal3] CONSENSO INDEPENDENTE ATINGIDO: CROSS_canal2-canal3_RUN1776973607977_1 | TS Final: 73
⏱️ [SYNC] Shard canal3 adiantou o relógio interno para 73
[SKEEN Canal canal3] Tx [CROSS_canal2-canal3_RUN1776973608774_1] recebida. TS: 74 | Papel: PEER (All-to-All)
📡 [ALL-TO-ALL] Shard canal3 pedindo TS do canal2 para Tx [CROSS_canal2-canal3_RUN1776973608774_1]
📩 [ALL-TO-ALL] Shard canal3 recebeu TS: 74 do canal2 para Tx [CROSS_canal2-canal3_RUN1776973608774_1]
🔄 [ALL-TO-ALL Shard canal3] CONSENSO INDEPENDENTE ATINGIDO: CROSS_canal2-canal3_RUN1776973608774_1 | TS Final: 74
📨 [FEEDBACK API] Shard canal3 devolvendo TS 74 para quem pediu. Tx [CROSS_canal2-canal3_RUN1776973608774_1]
[SKEEN Canal canal3] Tx [CROSS_canal4-canal3-canal1-canal2_RUN1776973627970_1] recebida. TS: 75 | Papel: PEER (All-to-All)
📡 [ALL-TO-ALL] Shard canal3 pedindo TS do canal4 para Tx [CROSS_canal4-canal3-canal1-canal2_RUN1776973627970_1]
📩 [ALL-TO-ALL] Shard canal3 recebeu TS: 76 do canal4 para Tx [CROSS_canal4-canal3-canal1-canal2_RUN1776973627970_1]
📡 [ALL-TO-ALL] Shard canal3 pedindo TS do canal1 para Tx [CROSS_canal4-canal3-canal1-canal2_RUN1776973627970_1]
📩 [ALL-TO-ALL] Shard canal3 recebeu TS: 77 do canal1 para Tx [CROSS_canal4-canal3-canal1-canal2_RUN1776973627970_1]
📡 [ALL-TO-ALL] Shard canal3 pedindo TS do canal2 para Tx [CROSS_canal4-canal3-canal1-canal2_RUN1776973627970_1]
📨 [FEEDBACK API] Shard canal3 devolvendo TS 75 para quem pediu. Tx [CROSS_canal4-canal3-canal1-canal2_RUN1776973627970_1]
📩 [ALL-TO-ALL] Shard canal3 recebeu TS: 77 do canal2 para Tx [CROSS_canal4-canal3-canal1-canal2_RUN1776973627970_1]
🔄 [ALL-TO-ALL Shard canal3] CONSENSO INDEPENDENTE ATINGIDO: CROSS_canal4-canal3-canal1-canal2_RUN1776973627970_1 | TS Final: 77
⏱️ [SYNC] Shard canal3 adiantou o relógio interno para 77
📨 [FEEDBACK API] Shard canal3 devolvendo TS 75 para quem pediu. Tx [CROSS_canal4-canal3-canal1-canal2_RUN1776973627970_1]
📨 [FEEDBACK API] Shard canal3 devolvendo TS 75 para quem pediu. Tx [CROSS_canal4-canal3-canal1-canal2_RUN1776973627970_1]
