🚀 Iniciando SKEEN Orderer 2 (Porta 8050) | Admin (9444)...
[SKEEN NETWORK LAYER] API HTTP All-to-All ativa na porta: 18050
[SKEEN] Nó iniciado para o canal: canal2
[SKEEN Canal canal2] Tx [CROSS_canal2_RUN1777034288853_2] recebida. TS: 1 | Papel: PEER (All-to-All)
[SKEEN Canal canal2] Tx [CROSS_canal2-canal4_RUN1777034290872_4] recebida. TS: 2 | Papel: PEER (All-to-All)
📡 [ALL-TO-ALL] Shard canal2 pedindo TS do canal4 para Tx [CROSS_canal2-canal4_RUN1777034290872_4]
📩 [ALL-TO-ALL] Shard canal2 recebeu TS: 3 do canal4 para Tx [CROSS_canal2-canal4_RUN1777034290872_4]
🔄 [ALL-TO-ALL Shard canal2] CONSENSO INDEPENDENTE ATINGIDO: CROSS_canal2-canal4_RUN1777034290872_4 | TS Final: 3
⏱️ [SYNC] Shard canal2 adiantou o relógio interno para 3
📨 [FEEDBACK API] Shard canal2 devolvendo TS 2 para quem pediu. Tx [CROSS_canal2-canal4_RUN1777034290872_4]
[SKEEN Canal canal2] Tx [CROSS_canal2-canal4_RUN1777034292892_1] recebida. TS: 4 | Papel: PEER (All-to-All)
📡 [ALL-TO-ALL] Shard canal2 pedindo TS do canal4 para Tx [CROSS_canal2-canal4_RUN1777034292892_1]
[SKEEN Canal canal2] Tx [CROSS_canal2-canal4_RUN1777034292892_2] recebida. TS: 5 | Papel: PEER (All-to-All)
📡 [ALL-TO-ALL] Shard canal2 pedindo TS do canal4 para Tx [CROSS_canal2-canal4_RUN1777034292892_2]
📨 [FEEDBACK API] Shard canal2 devolvendo TS 4 para quem pediu. Tx [CROSS_canal2-canal4_RUN1777034292892_1]
📩 [ALL-TO-ALL] Shard canal2 recebeu TS: 6 do canal4 para Tx [CROSS_canal2-canal4_RUN1777034292892_2]
🔄 [ALL-TO-ALL Shard canal2] CONSENSO INDEPENDENTE ATINGIDO: CROSS_canal2-canal4_RUN1777034292892_2 | TS Final: 6
⏱️ [SYNC] Shard canal2 adiantou o relógio interno para 6
[SKEEN Canal canal2] Tx [CROSS_canal2-canal1_RUN1777034292892_4] recebida. TS: 7 | Papel: PEER (All-to-All)
📡 [ALL-TO-ALL] Shard canal2 pedindo TS do canal1 para Tx [CROSS_canal2-canal1_RUN1777034292892_4]
📩 [ALL-TO-ALL] Shard canal2 recebeu TS: 4 do canal1 para Tx [CROSS_canal2-canal1_RUN1777034292892_4]
🔄 [ALL-TO-ALL Shard canal2] CONSENSO INDEPENDENTE ATINGIDO: CROSS_canal2-canal1_RUN1777034292892_4 | TS Final: 7
📨 [FEEDBACK API] Shard canal2 devolvendo TS 5 para quem pediu. Tx [CROSS_canal2-canal4_RUN1777034292892_2]
📨 [FEEDBACK API] Shard canal2 devolvendo TS 7 para quem pediu. Tx [CROSS_canal2-canal1_RUN1777034292892_4]
📩 [ALL-TO-ALL] Shard canal2 recebeu TS: 7 do canal4 para Tx [CROSS_canal2-canal4_RUN1777034292892_1]
🔄 [ALL-TO-ALL Shard canal2] CONSENSO INDEPENDENTE ATINGIDO: CROSS_canal2-canal4_RUN1777034292892_1 | TS Final: 7
[SKEEN Canal canal2] Tx [CROSS_canal2_RUN1777034294917_3] recebida. TS: 8 | Papel: PEER (All-to-All)
[SKEEN Canal canal2] Tx [CROSS_canal2-canal1-canal3_RUN1777034296938_2] recebida. TS: 9 | Papel: PEER (All-to-All)
📡 [ALL-TO-ALL] Shard canal2 pedindo TS do canal1 para Tx [CROSS_canal2-canal1-canal3_RUN1777034296938_2]
📨 [FEEDBACK API] Shard canal2 devolvendo TS 9 para quem pediu. Tx [CROSS_canal2-canal1-canal3_RUN1777034296938_2]
[SKEEN Canal canal2] Tx [CROSS_canal2-canal1-canal3_RUN1777034296938_4] recebida. TS: 10 | Papel: PEER (All-to-All)
📡 [ALL-TO-ALL] Shard canal2 pedindo TS do canal1 para Tx [CROSS_canal2-canal1-canal3_RUN1777034296938_4]
📨 [FEEDBACK API] Shard canal2 devolvendo TS 10 para quem pediu. Tx [CROSS_canal2-canal1-canal3_RUN1777034296938_4]
📩 [ALL-TO-ALL] Shard canal2 recebeu TS: 8 do canal1 para Tx [CROSS_canal2-canal1-canal3_RUN1777034296938_4]
📡 [ALL-TO-ALL] Shard canal2 pedindo TS do canal3 para Tx [CROSS_canal2-canal1-canal3_RUN1777034296938_4]
📨 [FEEDBACK API] Shard canal2 devolvendo TS 9 para quem pediu. Tx [CROSS_canal2-canal1-canal3_RUN1777034296938_2]
📩 [ALL-TO-ALL] Shard canal2 recebeu TS: 12 do canal3 para Tx [CROSS_canal2-canal1-canal3_RUN1777034296938_4]
🔄 [ALL-TO-ALL Shard canal2] CONSENSO INDEPENDENTE ATINGIDO: CROSS_canal2-canal1-canal3_RUN1777034296938_4 | TS Final: 12
⏱️ [SYNC] Shard canal2 adiantou o relógio interno para 12
📨 [FEEDBACK API] Shard canal2 devolvendo TS 10 para quem pediu. Tx [CROSS_canal2-canal1-canal3_RUN1777034296938_4]
📩 [ALL-TO-ALL] Shard canal2 recebeu TS: 9 do canal1 para Tx [CROSS_canal2-canal1-canal3_RUN1777034296938_2]
📡 [ALL-TO-ALL] Shard canal2 pedindo TS do canal3 para Tx [CROSS_canal2-canal1-canal3_RUN1777034296938_2]
📩 [ALL-TO-ALL] Shard canal2 recebeu TS: 11 do canal3 para Tx [CROSS_canal2-canal1-canal3_RUN1777034296938_2]
🔄 [ALL-TO-ALL Shard canal2] CONSENSO INDEPENDENTE ATINGIDO: CROSS_canal2-canal1-canal3_RUN1777034296938_2 | TS Final: 11
[SKEEN Canal canal2] Tx [CROSS_canal2-canal3-canal4_RUN1777034298957_4] recebida. TS: 13 | Papel: PEER (All-to-All)
📨 [FEEDBACK API] Shard canal2 devolvendo TS 13 para quem pediu. Tx [CROSS_canal2-canal3-canal4_RUN1777034298957_4]
📡 [ALL-TO-ALL] Shard canal2 pedindo TS do canal3 para Tx [CROSS_canal2-canal3-canal4_RUN1777034298957_4]
📩 [ALL-TO-ALL] Shard canal2 recebeu TS: 15 do canal3 para Tx [CROSS_canal2-canal3-canal4_RUN1777034298957_4]
📡 [ALL-TO-ALL] Shard canal2 pedindo TS do canal4 para Tx [CROSS_canal2-canal3-canal4_RUN1777034298957_4]
📩 [ALL-TO-ALL] Shard canal2 recebeu TS: 9 do canal4 para Tx [CROSS_canal2-canal3-canal4_RUN1777034298957_4]
🔄 [ALL-TO-ALL Shard canal2] CONSENSO INDEPENDENTE ATINGIDO: CROSS_canal2-canal3-canal4_RUN1777034298957_4 | TS Final: 15
⏱️ [SYNC] Shard canal2 adiantou o relógio interno para 15
[SKEEN Canal canal2] Tx [CROSS_canal1-canal2-canal4_RUN1777034298957_2] recebida. TS: 16 | Papel: PEER (All-to-All)
📡 [ALL-TO-ALL] Shard canal2 pedindo TS do canal1 para Tx [CROSS_canal1-canal2-canal4_RUN1777034298957_2]
[SKEEN Canal canal2] Tx [CROSS_canal3-canal1-canal2_RUN1777034298957_1] recebida. TS: 17 | Papel: PEER (All-to-All)
📡 [ALL-TO-ALL] Shard canal2 pedindo TS do canal3 para Tx [CROSS_canal3-canal1-canal2_RUN1777034298957_1]
[SKEEN Canal canal2] Tx [CROSS_canal3-canal2-canal1_RUN1777034298957_3] recebida. TS: 18 | Papel: PEER (All-to-All)
📡 [ALL-TO-ALL] Shard canal2 pedindo TS do canal3 para Tx [CROSS_canal3-canal2-canal1_RUN1777034298957_3]
📩 [ALL-TO-ALL] Shard canal2 recebeu TS: 16 do canal3 para Tx [CROSS_canal3-canal1-canal2_RUN1777034298957_1]
📡 [ALL-TO-ALL] Shard canal2 pedindo TS do canal1 para Tx [CROSS_canal3-canal1-canal2_RUN1777034298957_1]
📩 [ALL-TO-ALL] Shard canal2 recebeu TS: 14 do canal1 para Tx [CROSS_canal3-canal1-canal2_RUN1777034298957_1]
🔄 [ALL-TO-ALL Shard canal2] CONSENSO INDEPENDENTE ATINGIDO: CROSS_canal3-canal1-canal2_RUN1777034298957_1 | TS Final: 17
📩 [ALL-TO-ALL] Shard canal2 recebeu TS: 14 do canal3 para Tx [CROSS_canal3-canal2-canal1_RUN1777034298957_3]
📡 [ALL-TO-ALL] Shard canal2 pedindo TS do canal1 para Tx [CROSS_canal3-canal2-canal1_RUN1777034298957_3]
📨 [FEEDBACK API] Shard canal2 devolvendo TS 17 para quem pediu. Tx [CROSS_canal3-canal1-canal2_RUN1777034298957_1]
📩 [ALL-TO-ALL] Shard canal2 recebeu TS: 13 do canal1 para Tx [CROSS_canal3-canal2-canal1_RUN1777034298957_3]
🔄 [ALL-TO-ALL Shard canal2] CONSENSO INDEPENDENTE ATINGIDO: CROSS_canal3-canal2-canal1_RUN1777034298957_3 | TS Final: 18
📨 [FEEDBACK API] Shard canal2 devolvendo TS 16 para quem pediu. Tx [CROSS_canal1-canal2-canal4_RUN1777034298957_2]
📨 [FEEDBACK API] Shard canal2 devolvendo TS 18 para quem pediu. Tx [CROSS_canal3-canal2-canal1_RUN1777034298957_3]
📨 [FEEDBACK API] Shard canal2 devolvendo TS 13 para quem pediu. Tx [CROSS_canal2-canal3-canal4_RUN1777034298957_4]
📨 [FEEDBACK API] Shard canal2 devolvendo TS 18 para quem pediu. Tx [CROSS_canal3-canal2-canal1_RUN1777034298957_3]
📨 [FEEDBACK API] Shard canal2 devolvendo TS 16 para quem pediu. Tx [CROSS_canal1-canal2-canal4_RUN1777034298957_2]
📨 [FEEDBACK API] Shard canal2 devolvendo TS 17 para quem pediu. Tx [CROSS_canal3-canal1-canal2_RUN1777034298957_1]
📩 [ALL-TO-ALL] Shard canal2 recebeu TS: 18 do canal1 para Tx [CROSS_canal1-canal2-canal4_RUN1777034298957_2]
📡 [ALL-TO-ALL] Shard canal2 pedindo TS do canal4 para Tx [CROSS_canal1-canal2-canal4_RUN1777034298957_2]
📩 [ALL-TO-ALL] Shard canal2 recebeu TS: 10 do canal4 para Tx [CROSS_canal1-canal2-canal4_RUN1777034298957_2]
🔄 [ALL-TO-ALL Shard canal2] CONSENSO INDEPENDENTE ATINGIDO: CROSS_canal1-canal2-canal4_RUN1777034298957_2 | TS Final: 18
[SKEEN Canal canal2] Tx [CROSS_canal2_RUN1777034300985_2] recebida. TS: 19 | Papel: PEER (All-to-All)
[SKEEN Canal canal2] Tx [CROSS_canal2_RUN1777034300985_4] recebida. TS: 20 | Papel: PEER (All-to-All)
[SKEEN Canal canal2] Tx [CROSS_canal2_RUN1777034300985_3] recebida. TS: 21 | Papel: PEER (All-to-All)
[SKEEN Canal canal2] Tx [CROSS_canal2-canal1-canal4-canal3_RUN1777034303002_4] recebida. TS: 22 | Papel: PEER (All-to-All)
[SKEEN Canal canal2] Tx [CROSS_canal1-canal3-canal4-canal2_RUN1777034303002_2] recebida. TS: 23 | Papel: PEER (All-to-All)
📡 [ALL-TO-ALL] Shard canal2 pedindo TS do canal1 para Tx [CROSS_canal2-canal1-canal4-canal3_RUN1777034303002_4]
[SKEEN Canal canal2] Tx [CROSS_canal1-canal2-canal3-canal4_RUN1777034303002_3] recebida. TS: 24 | Papel: PEER (All-to-All)
📡 [ALL-TO-ALL] Shard canal2 pedindo TS do canal1 para Tx [CROSS_canal1-canal3-canal4-canal2_RUN1777034303002_2]
📡 [ALL-TO-ALL] Shard canal2 pedindo TS do canal1 para Tx [CROSS_canal1-canal2-canal3-canal4_RUN1777034303002_3]
📨 [FEEDBACK API] Shard canal2 devolvendo TS 22 para quem pediu. Tx [CROSS_canal2-canal1-canal4-canal3_RUN1777034303002_4]
📨 [FEEDBACK API] Shard canal2 devolvendo TS 22 para quem pediu. Tx [CROSS_canal2-canal1-canal4-canal3_RUN1777034303002_4]
📩 [ALL-TO-ALL] Shard canal2 recebeu TS: 19 do canal1 para Tx [CROSS_canal1-canal2-canal3-canal4_RUN1777034303002_3]
📡 [ALL-TO-ALL] Shard canal2 pedindo TS do canal3 para Tx [CROSS_canal1-canal2-canal3-canal4_RUN1777034303002_3]
📨 [FEEDBACK API] Shard canal2 devolvendo TS 24 para quem pediu. Tx [CROSS_canal1-canal2-canal3-canal4_RUN1777034303002_3]
📨 [FEEDBACK API] Shard canal2 devolvendo TS 22 para quem pediu. Tx [CROSS_canal2-canal1-canal4-canal3_RUN1777034303002_4]
📩 [ALL-TO-ALL] Shard canal2 recebeu TS: 22 do canal3 para Tx [CROSS_canal1-canal2-canal3-canal4_RUN1777034303002_3]
📡 [ALL-TO-ALL] Shard canal2 pedindo TS do canal4 para Tx [CROSS_canal1-canal2-canal3-canal4_RUN1777034303002_3]
📩 [ALL-TO-ALL] Shard canal2 recebeu TS: 19 do canal4 para Tx [CROSS_canal1-canal2-canal3-canal4_RUN1777034303002_3]
🔄 [ALL-TO-ALL Shard canal2] CONSENSO INDEPENDENTE ATINGIDO: CROSS_canal1-canal2-canal3-canal4_RUN1777034303002_3 | TS Final: 24
📨 [FEEDBACK API] Shard canal2 devolvendo TS 23 para quem pediu. Tx [CROSS_canal1-canal3-canal4-canal2_RUN1777034303002_2]
📨 [FEEDBACK API] Shard canal2 devolvendo TS 24 para quem pediu. Tx [CROSS_canal1-canal2-canal3-canal4_RUN1777034303002_3]
📨 [FEEDBACK API] Shard canal2 devolvendo TS 24 para quem pediu. Tx [CROSS_canal1-canal2-canal3-canal4_RUN1777034303002_3]
📨 [FEEDBACK API] Shard canal2 devolvendo TS 23 para quem pediu. Tx [CROSS_canal1-canal3-canal4-canal2_RUN1777034303002_2]
📩 [ALL-TO-ALL] Shard canal2 recebeu TS: 20 do canal1 para Tx [CROSS_canal2-canal1-canal4-canal3_RUN1777034303002_4]
📡 [ALL-TO-ALL] Shard canal2 pedindo TS do canal4 para Tx [CROSS_canal2-canal1-canal4-canal3_RUN1777034303002_4]
📩 [ALL-TO-ALL] Shard canal2 recebeu TS: 22 do canal4 para Tx [CROSS_canal2-canal1-canal4-canal3_RUN1777034303002_4]
📡 [ALL-TO-ALL] Shard canal2 pedindo TS do canal3 para Tx [CROSS_canal2-canal1-canal4-canal3_RUN1777034303002_4]
📩 [ALL-TO-ALL] Shard canal2 recebeu TS: 21 do canal1 para Tx [CROSS_canal1-canal3-canal4-canal2_RUN1777034303002_2]
📡 [ALL-TO-ALL] Shard canal2 pedindo TS do canal3 para Tx [CROSS_canal1-canal3-canal4-canal2_RUN1777034303002_2]
📨 [FEEDBACK API] Shard canal2 devolvendo TS 23 para quem pediu. Tx [CROSS_canal1-canal3-canal4-canal2_RUN1777034303002_2]
📩 [ALL-TO-ALL] Shard canal2 recebeu TS: 20 do canal3 para Tx [CROSS_canal2-canal1-canal4-canal3_RUN1777034303002_4]
🔄 [ALL-TO-ALL Shard canal2] CONSENSO INDEPENDENTE ATINGIDO: CROSS_canal2-canal1-canal4-canal3_RUN1777034303002_4 | TS Final: 22
📩 [ALL-TO-ALL] Shard canal2 recebeu TS: 21 do canal3 para Tx [CROSS_canal1-canal3-canal4-canal2_RUN1777034303002_2]
📡 [ALL-TO-ALL] Shard canal2 pedindo TS do canal4 para Tx [CROSS_canal1-canal3-canal4-canal2_RUN1777034303002_2]
📩 [ALL-TO-ALL] Shard canal2 recebeu TS: 21 do canal4 para Tx [CROSS_canal1-canal3-canal4-canal2_RUN1777034303002_2]
🔄 [ALL-TO-ALL Shard canal2] CONSENSO INDEPENDENTE ATINGIDO: CROSS_canal1-canal3-canal4-canal2_RUN1777034303002_2 | TS Final: 23
[SKEEN Canal canal2] Tx [CROSS_canal4-canal3-canal1-canal2_RUN1777034305030_2] recebida. TS: 25 | Papel: PEER (All-to-All)
📡 [ALL-TO-ALL] Shard canal2 pedindo TS do canal4 para Tx [CROSS_canal4-canal3-canal1-canal2_RUN1777034305030_2]
📩 [ALL-TO-ALL] Shard canal2 recebeu TS: 25 do canal4 para Tx [CROSS_canal4-canal3-canal1-canal2_RUN1777034305030_2]
📡 [ALL-TO-ALL] Shard canal2 pedindo TS do canal3 para Tx [CROSS_canal4-canal3-canal1-canal2_RUN1777034305030_2]
[SKEEN Canal canal2] Tx [CROSS_canal2-canal1-canal4-canal3_RUN1777034305030_4] recebida. TS: 26 | Papel: PEER (All-to-All)
[SKEEN Canal canal2] Tx [CROSS_canal3-canal1-canal2-canal4_RUN1777034305030_1] recebida. TS: 27 | Papel: PEER (All-to-All)
📡 [ALL-TO-ALL] Shard canal2 pedindo TS do canal1 para Tx [CROSS_canal2-canal1-canal4-canal3_RUN1777034305030_4]
📡 [ALL-TO-ALL] Shard canal2 pedindo TS do canal3 para Tx [CROSS_canal3-canal1-canal2-canal4_RUN1777034305030_1]
📩 [ALL-TO-ALL] Shard canal2 recebeu TS: 26 do canal3 para Tx [CROSS_canal3-canal1-canal2-canal4_RUN1777034305030_1]
📡 [ALL-TO-ALL] Shard canal2 pedindo TS do canal1 para Tx [CROSS_canal3-canal1-canal2-canal4_RUN1777034305030_1]
📨 [FEEDBACK API] Shard canal2 devolvendo TS 26 para quem pediu. Tx [CROSS_canal2-canal1-canal4-canal3_RUN1777034305030_4]
📨 [FEEDBACK API] Shard canal2 devolvendo TS 26 para quem pediu. Tx [CROSS_canal2-canal1-canal4-canal3_RUN1777034305030_4]
[SKEEN Canal canal2] Tx [CROSS_canal2-canal1-canal3-canal4_RUN1777034305030_3] recebida. TS: 28 | Papel: PEER (All-to-All)
📡 [ALL-TO-ALL] Shard canal2 pedindo TS do canal1 para Tx [CROSS_canal2-canal1-canal3-canal4_RUN1777034305030_3]
📩 [ALL-TO-ALL] Shard canal2 recebeu TS: 25 do canal1 para Tx [CROSS_canal2-canal1-canal3-canal4_RUN1777034305030_3]
📡 [ALL-TO-ALL] Shard canal2 pedindo TS do canal3 para Tx [CROSS_canal2-canal1-canal3-canal4_RUN1777034305030_3]
📩 [ALL-TO-ALL] Shard canal2 recebeu TS: 25 do canal3 para Tx [CROSS_canal2-canal1-canal3-canal4_RUN1777034305030_3]
📡 [ALL-TO-ALL] Shard canal2 pedindo TS do canal4 para Tx [CROSS_canal2-canal1-canal3-canal4_RUN1777034305030_3]
📩 [ALL-TO-ALL] Shard canal2 recebeu TS: 27 do canal4 para Tx [CROSS_canal2-canal1-canal3-canal4_RUN1777034305030_3]
🔄 [ALL-TO-ALL Shard canal2] CONSENSO INDEPENDENTE ATINGIDO: CROSS_canal2-canal1-canal3-canal4_RUN1777034305030_3 | TS Final: 28
📨 [FEEDBACK API] Shard canal2 devolvendo TS 27 para quem pediu. Tx [CROSS_canal3-canal1-canal2-canal4_RUN1777034305030_1]
📨 [FEEDBACK API] Shard canal2 devolvendo TS 26 para quem pediu. Tx [CROSS_canal2-canal1-canal4-canal3_RUN1777034305030_4]
📨 [FEEDBACK API] Shard canal2 devolvendo TS 25 para quem pediu. Tx [CROSS_canal4-canal3-canal1-canal2_RUN1777034305030_2]
📩 [ALL-TO-ALL] Shard canal2 recebeu TS: 28 do canal3 para Tx [CROSS_canal4-canal3-canal1-canal2_RUN1777034305030_2]
📡 [ALL-TO-ALL] Shard canal2 pedindo TS do canal1 para Tx [CROSS_canal4-canal3-canal1-canal2_RUN1777034305030_2]
📨 [FEEDBACK API] Shard canal2 devolvendo TS 28 para quem pediu. Tx [CROSS_canal2-canal1-canal3-canal4_RUN1777034305030_3]
📨 [FEEDBACK API] Shard canal2 devolvendo TS 28 para quem pediu. Tx [CROSS_canal2-canal1-canal3-canal4_RUN1777034305030_3]
📩 [ALL-TO-ALL] Shard canal2 recebeu TS: 26 do canal1 para Tx [CROSS_canal4-canal3-canal1-canal2_RUN1777034305030_2]
🔄 [ALL-TO-ALL Shard canal2] CONSENSO INDEPENDENTE ATINGIDO: CROSS_canal4-canal3-canal1-canal2_RUN1777034305030_2 | TS Final: 28
📩 [ALL-TO-ALL] Shard canal2 recebeu TS: 28 do canal1 para Tx [CROSS_canal2-canal1-canal4-canal3_RUN1777034305030_4]
📡 [ALL-TO-ALL] Shard canal2 pedindo TS do canal4 para Tx [CROSS_canal2-canal1-canal4-canal3_RUN1777034305030_4]
📨 [FEEDBACK API] Shard canal2 devolvendo TS 27 para quem pediu. Tx [CROSS_canal3-canal1-canal2-canal4_RUN1777034305030_1]
📨 [FEEDBACK API] Shard canal2 devolvendo TS 27 para quem pediu. Tx [CROSS_canal3-canal1-canal2-canal4_RUN1777034305030_1]
📩 [ALL-TO-ALL] Shard canal2 recebeu TS: 28 do canal4 para Tx [CROSS_canal2-canal1-canal4-canal3_RUN1777034305030_4]
📡 [ALL-TO-ALL] Shard canal2 pedindo TS do canal3 para Tx [CROSS_canal2-canal1-canal4-canal3_RUN1777034305030_4]
📩 [ALL-TO-ALL] Shard canal2 recebeu TS: 27 do canal1 para Tx [CROSS_canal3-canal1-canal2-canal4_RUN1777034305030_1]
📡 [ALL-TO-ALL] Shard canal2 pedindo TS do canal4 para Tx [CROSS_canal3-canal1-canal2-canal4_RUN1777034305030_1]
📨 [FEEDBACK API] Shard canal2 devolvendo TS 25 para quem pediu. Tx [CROSS_canal4-canal3-canal1-canal2_RUN1777034305030_2]
📩 [ALL-TO-ALL] Shard canal2 recebeu TS: 27 do canal3 para Tx [CROSS_canal2-canal1-canal4-canal3_RUN1777034305030_4]
🔄 [ALL-TO-ALL Shard canal2] CONSENSO INDEPENDENTE ATINGIDO: CROSS_canal2-canal1-canal4-canal3_RUN1777034305030_4 | TS Final: 28
📨 [FEEDBACK API] Shard canal2 devolvendo TS 28 para quem pediu. Tx [CROSS_canal2-canal1-canal3-canal4_RUN1777034305030_3]
📩 [ALL-TO-ALL] Shard canal2 recebeu TS: 26 do canal4 para Tx [CROSS_canal3-canal1-canal2-canal4_RUN1777034305030_1]
🔄 [ALL-TO-ALL Shard canal2] CONSENSO INDEPENDENTE ATINGIDO: CROSS_canal3-canal1-canal2-canal4_RUN1777034305030_1 | TS Final: 27
📨 [FEEDBACK API] Shard canal2 devolvendo TS 25 para quem pediu. Tx [CROSS_canal4-canal3-canal1-canal2_RUN1777034305030_2]
